17:58:53 WARN (4): Invalid controller specified (screenshots)
17:58:53 WARN (4): Invalid controller specified (screenshots)
17:58:53 WARN (4): Invalid controller specified (screenshots)
17:58:53 WARN (4): Invalid controller specified (screenshots)
17:58:53 WARN (4): Invalid controller specified (screenshots)
17:58:54 WARN (4): Invalid controller specified (screenshots)
17:58:54 WARN (4): Invalid controller specified (screenshots)
17:58:54 WARN (4): Invalid controller specified (screenshots)
17:58:54 WARN (4): Invalid controller specified (screenshots)
17:58:54 WARN (4): Invalid controller specified (screenshots)
17:58:54 WARN (4): Invalid controller specified (screenshots)
17:58:54 WARN (4): Invalid controller specified (screenshots)
17:58:54 WARN (4): Invalid controller specified (screenshots)
17:58:54 WARN (4): Invalid controller specified (screenshots)
17:58:54 WARN (4): Invalid controller specified (screenshots)
17:58:55 WARN (4): Invalid controller specified (screenshots)
17:58:55 WARN (4): Invalid controller specified (screenshots)
17:58:55 WARN (4): Invalid controller specified (screenshots)
17:58:55 WARN (4): Invalid controller specified (screenshots)
17:58:55 WARN (4): Invalid controller specified (screenshots)
17:58:55 WARN (4): Invalid controller specified (screenshots)
17:58:55 WARN (4): Invalid controller specified (screenshots)
17:58:55 WARN (4): Invalid controller specified (screenshots)
17:58:55 WARN (4): Invalid controller specified (screenshots)
17:58:55 WARN (4): Invalid controller specified (screenshots)
17:58:55 WARN (4): Invalid controller specified (screenshots)
17:58:55 WARN (4): Invalid controller specified (screenshots)
17:58:56 WARN (4): Invalid controller specified (screenshots)
17:58:56 WARN (4): Invalid controller specified (screenshots)
17:58:56 WARN (4): Invalid controller specified (screenshots)
17:58:56 WARN (4): Invalid controller specified (screenshots)
17:58:56 WARN (4): Invalid controller specified (screenshots)
17:58:56 WARN (4): Invalid controller specified (screenshots)
17:58:56 WARN (4): Invalid controller specified (screenshots)
17:58:56 WARN (4): Invalid controller specified (screenshots)
17:58:56 WARN (4): Invalid controller specified (screenshots)
17:58:56 WARN (4): Invalid controller specified (screenshots)
17:58:56 WARN (4): Invalid controller specified (screenshots)
17:58:56 WARN (4): Invalid controller specified (screenshots)
17:58:57 WARN (4): Invalid controller specified (screenshots)
17:58:57 WARN (4): Invalid controller specified (screenshots)
17:58:57 WARN (4): Invalid controller specified (screenshots)
17:58:57 WARN (4): Invalid controller specified (screenshots)
17:58:57 WARN (4): Invalid controller specified (screenshots)
17:58:57 WARN (4): Invalid controller specified (screenshots)
17:58:57 WARN (4): Invalid controller specified (screenshots)
17:58:57 WARN (4): Invalid controller specified (profiles)
17:58:57 WARN (4): Invalid controller specified (profiles)
17:58:57 WARN (4): Invalid controller specified (profiles)
17:58:57 WARN (4): Invalid controller specified (profiles)
18:00:08 WARN (4): Invalid controller specified (screenshots)
18:00:08 WARN (4): Invalid controller specified (screenshots)
18:00:08 WARN (4): Invalid controller specified (screenshots)
18:00:08 WARN (4): Invalid controller specified (screenshots)
18:00:08 WARN (4): Invalid controller specified (screenshots)
18:00:08 WARN (4): Invalid controller specified (screenshots)
18:00:08 WARN (4): Invalid controller specified (screenshots)
18:00:08 WARN (4): Invalid controller specified (screenshots)
18:00:09 WARN (4): Invalid controller specified (screenshots)
18:00:09 WARN (4): Invalid controller specified (screenshots)
18:00:09 WARN (4): Invalid controller specified (screenshots)
18:00:09 WARN (4): Invalid controller specified (screenshots)
18:00:09 WARN (4): Invalid controller specified (screenshots)
18:00:09 WARN (4): Invalid controller specified (screenshots)
18:00:09 WARN (4): Invalid controller specified (screenshots)
18:00:09 WARN (4): Invalid controller specified (screenshots)
18:00:09 WARN (4): Invalid controller specified (screenshots)
18:00:09 WARN (4): Invalid controller specified (screenshots)
18:00:09 WARN (4): Invalid controller specified (screenshots)
18:00:10 WARN (4): Invalid controller specified (screenshots)
18:00:10 WARN (4): Invalid controller specified (screenshots)
18:00:10 WARN (4): Invalid controller specified (screenshots)
18:00:10 WARN (4): Invalid controller specified (screenshots)
18:00:10 WARN (4): Invalid controller specified (screenshots)
18:00:10 WARN (4): Invalid controller specified (screenshots)
18:00:10 WARN (4): Invalid controller specified (screenshots)
18:00:10 WARN (4): Invalid controller specified (screenshots)
18:00:10 WARN (4): Invalid controller specified (screenshots)
18:00:10 WARN (4): Invalid controller specified (screenshots)
18:00:11 WARN (4): Invalid controller specified (screenshots)
18:00:11 WARN (4): Invalid controller specified (screenshots)
18:00:11 WARN (4): Invalid controller specified (screenshots)
18:00:11 WARN (4): Invalid controller specified (screenshots)
18:00:11 WARN (4): Invalid controller specified (screenshots)
18:00:11 WARN (4): Invalid controller specified (screenshots)
18:00:11 WARN (4): Invalid controller specified (screenshots)
18:00:11 WARN (4): Invalid controller specified (screenshots)
18:00:11 WARN (4): Invalid controller specified (screenshots)
18:00:11 WARN (4): Invalid controller specified (screenshots)
18:00:11 WARN (4): Invalid controller specified (screenshots)
18:00:11 WARN (4): Invalid controller specified (screenshots)
18:00:12 WARN (4): Invalid controller specified (screenshots)
18:00:12 WARN (4): Invalid controller specified (screenshots)
18:00:12 WARN (4): Invalid controller specified (screenshots)
18:00:12 WARN (4): Invalid controller specified (screenshots)
18:00:12 WARN (4): Invalid controller specified (profiles)
18:00:12 WARN (4): Invalid controller specified (profiles)
18:00:12 WARN (4): Invalid controller specified (profiles)
18:00:12 WARN (4): Invalid controller specified (profiles)
18:00:20 WARN (4): Invalid controller specified (screenshots)
18:00:20 WARN (4): Invalid controller specified (screenshots)
18:00:21 WARN (4): Invalid controller specified (screenshots)
18:00:21 WARN (4): Invalid controller specified (screenshots)
18:00:21 WARN (4): Invalid controller specified (screenshots)
18:00:21 WARN (4): Invalid controller specified (screenshots)
18:00:21 WARN (4): Invalid controller specified (screenshots)
18:00:21 WARN (4): Invalid controller specified (screenshots)
18:00:21 WARN (4): Invalid controller specified (screenshots)
18:00:21 WARN (4): Invalid controller specified (screenshots)
18:00:21 WARN (4): Invalid controller specified (screenshots)
18:00:21 WARN (4): Invalid controller specified (screenshots)
18:00:22 WARN (4): Invalid controller specified (screenshots)
18:00:22 WARN (4): Invalid controller specified (screenshots)
18:00:22 WARN (4): Invalid controller specified (screenshots)
18:00:22 WARN (4): Invalid controller specified (screenshots)
18:00:22 WARN (4): Invalid controller specified (screenshots)
18:00:22 WARN (4): Invalid controller specified (screenshots)
18:00:22 WARN (4): Invalid controller specified (screenshots)
18:00:22 WARN (4): Invalid controller specified (screenshots)
18:00:22 WARN (4): Invalid controller specified (screenshots)
18:00:22 WARN (4): Invalid controller specified (screenshots)
18:00:23 WARN (4): Invalid controller specified (screenshots)
18:00:23 WARN (4): Invalid controller specified (screenshots)
18:00:23 WARN (4): Invalid controller specified (screenshots)
18:00:23 WARN (4): Invalid controller specified (screenshots)
18:00:23 WARN (4): Invalid controller specified (screenshots)
18:00:23 WARN (4): Invalid controller specified (screenshots)
18:00:23 WARN (4): Invalid controller specified (screenshots)
18:00:23 WARN (4): Invalid controller specified (screenshots)
18:00:23 WARN (4): Invalid controller specified (screenshots)
18:00:23 WARN (4): Invalid controller specified (screenshots)
18:00:23 WARN (4): Invalid controller specified (screenshots)
18:00:23 WARN (4): Invalid controller specified (screenshots)
18:00:24 WARN (4): Invalid controller specified (screenshots)
18:00:24 WARN (4): Invalid controller specified (screenshots)
18:00:24 WARN (4): Invalid controller specified (screenshots)
18:00:24 WARN (4): Invalid controller specified (screenshots)
18:00:24 WARN (4): Invalid controller specified (screenshots)
18:00:24 WARN (4): Invalid controller specified (screenshots)
18:00:24 WARN (4): Invalid controller specified (screenshots)
18:00:24 WARN (4): Invalid controller specified (screenshots)
18:00:24 WARN (4): Invalid controller specified (screenshots)
18:00:24 WARN (4): Invalid controller specified (screenshots)
18:00:24 WARN (4): Invalid controller specified (screenshots)
18:00:24 WARN (4): Invalid controller specified (screenshots)
18:00:25 WARN (4): Invalid controller specified (profiles)
18:00:25 WARN (4): Invalid controller specified (profiles)
18:00:25 WARN (4): Invalid controller specified (profiles)
18:00:25 WARN (4): Invalid controller specified (profiles)
18:00:30 WARN (4): Invalid controller specified (screenshots)
18:02:34 WARN (4): Invalid controller specified (screenshots)
18:02:34 WARN (4): Invalid controller specified (screenshots)
18:02:35 WARN (4): Invalid controller specified (screenshots)
18:02:35 WARN (4): Invalid controller specified (screenshots)
18:02:35 WARN (4): Invalid controller specified (screenshots)
18:02:35 WARN (4): Invalid controller specified (screenshots)
18:02:35 WARN (4): Invalid controller specified (screenshots)
18:02:35 WARN (4): Invalid controller specified (screenshots)
18:02:35 WARN (4): Invalid controller specified (screenshots)
18:02:35 WARN (4): Invalid controller specified (screenshots)
18:02:35 WARN (4): Invalid controller specified (screenshots)
18:02:36 WARN (4): Invalid controller specified (screenshots)
18:02:36 WARN (4): Invalid controller specified (screenshots)
18:02:36 WARN (4): Invalid controller specified (screenshots)
18:02:36 WARN (4): Invalid controller specified (screenshots)
18:02:36 WARN (4): Invalid controller specified (screenshots)
18:02:36 WARN (4): Invalid controller specified (screenshots)
18:02:36 WARN (4): Invalid controller specified (screenshots)
18:02:36 WARN (4): Invalid controller specified (screenshots)
18:02:36 WARN (4): Invalid controller specified (screenshots)
18:02:36 WARN (4): Invalid controller specified (screenshots)
18:02:36 WARN (4): Invalid controller specified (screenshots)
18:02:36 WARN (4): Invalid controller specified (screenshots)
18:02:37 WARN (4): Invalid controller specified (screenshots)
18:02:37 WARN (4): Invalid controller specified (screenshots)
18:02:37 WARN (4): Invalid controller specified (screenshots)
18:02:37 WARN (4): Invalid controller specified (screenshots)
18:02:37 WARN (4): Invalid controller specified (screenshots)
18:02:37 WARN (4): Invalid controller specified (screenshots)
18:02:37 WARN (4): Invalid controller specified (screenshots)
18:02:37 WARN (4): Invalid controller specified (screenshots)
18:02:37 WARN (4): Invalid controller specified (screenshots)
18:02:37 WARN (4): Invalid controller specified (screenshots)
18:02:37 WARN (4): Invalid controller specified (screenshots)
18:02:38 WARN (4): Invalid controller specified (screenshots)
18:02:38 WARN (4): Invalid controller specified (screenshots)
18:02:38 WARN (4): Invalid controller specified (screenshots)
18:02:38 WARN (4): Invalid controller specified (screenshots)
18:02:38 WARN (4): Invalid controller specified (screenshots)
18:02:38 WARN (4): Invalid controller specified (screenshots)
18:02:38 WARN (4): Invalid controller specified (screenshots)
18:02:38 WARN (4): Invalid controller specified (screenshots)
18:02:38 WARN (4): Invalid controller specified (screenshots)
18:02:38 WARN (4): Invalid controller specified (screenshots)
18:02:38 WARN (4): Invalid controller specified (screenshots)
18:02:38 WARN (4): Invalid controller specified (screenshots)
18:02:39 WARN (4): Invalid controller specified (profiles)
18:02:39 WARN (4): Invalid controller specified (profiles)
18:02:39 WARN (4): Invalid controller specified (profiles)
18:02:39 WARN (4): Invalid controller specified (profiles)
18:02:39 WARN (4): Invalid controller specified (screenshots)
18:02:39 WARN (4): Invalid controller specified (screenshots)
18:02:41 WARN (4): Invalid controller specified (screenshots)
18:02:41 WARN (4): Invalid controller specified (screenshots)
18:02:41 WARN (4): Invalid controller specified (screenshots)
18:02:41 WARN (4): Invalid controller specified (screenshots)
18:02:52 WARN (4): Invalid controller specified (screenshots)
18:02:52 WARN (4): Invalid controller specified (screenshots)
18:02:52 WARN (4): Invalid controller specified (screenshots)
18:02:52 WARN (4): Invalid controller specified (screenshots)
18:02:53 WARN (4): Invalid controller specified (screenshots)
18:02:53 WARN (4): Invalid controller specified (screenshots)
18:02:53 WARN (4): Invalid controller specified (screenshots)
18:02:53 WARN (4): Invalid controller specified (screenshots)
18:02:54 WARN (4): Invalid controller specified (screenshots)
18:02:54 WARN (4): Invalid controller specified (screenshots)
18:02:54 WARN (4): Invalid controller specified (screenshots)
18:02:54 WARN (4): Invalid controller specified (screenshots)
18:02:54 WARN (4): Invalid controller specified (screenshots)
18:02:54 WARN (4): Invalid controller specified (screenshots)
18:02:54 WARN (4): Invalid controller specified (screenshots)
18:02:54 WARN (4): Invalid controller specified (screenshots)
18:02:54 WARN (4): Invalid controller specified (screenshots)
18:02:54 WARN (4): Invalid controller specified (screenshots)
18:02:55 WARN (4): Invalid controller specified (screenshots)
18:02:55 WARN (4): Invalid controller specified (screenshots)
18:02:55 WARN (4): Invalid controller specified (screenshots)
18:02:55 WARN (4): Invalid controller specified (screenshots)
18:02:55 WARN (4): Invalid controller specified (screenshots)
18:02:55 WARN (4): Invalid controller specified (screenshots)
18:02:55 WARN (4): Invalid controller specified (screenshots)
18:02:55 WARN (4): Invalid controller specified (screenshots)
18:02:55 WARN (4): Invalid controller specified (screenshots)
18:02:55 WARN (4): Invalid controller specified (screenshots)
18:02:55 WARN (4): Invalid controller specified (screenshots)
18:02:56 WARN (4): Invalid controller specified (screenshots)
18:02:56 WARN (4): Invalid controller specified (screenshots)
18:02:56 WARN (4): Invalid controller specified (screenshots)
18:02:56 WARN (4): Invalid controller specified (screenshots)
18:02:56 WARN (4): Invalid controller specified (screenshots)
18:02:56 WARN (4): Invalid controller specified (screenshots)
18:02:56 WARN (4): Invalid controller specified (screenshots)
18:02:56 WARN (4): Invalid controller specified (screenshots)
18:02:56 WARN (4): Invalid controller specified (screenshots)
18:02:56 WARN (4): Invalid controller specified (screenshots)
18:02:56 WARN (4): Invalid controller specified (screenshots)
18:02:56 WARN (4): Invalid controller specified (screenshots)
18:02:57 WARN (4): Invalid controller specified (screenshots)
18:02:57 WARN (4): Invalid controller specified (screenshots)
18:02:57 WARN (4): Invalid controller specified (screenshots)
18:02:57 WARN (4): Invalid controller specified (screenshots)
18:02:57 WARN (4): Invalid controller specified (screenshots)
18:02:57 WARN (4): Invalid controller specified (screenshots)
18:02:57 WARN (4): Invalid controller specified (screenshots)
18:02:57 WARN (4): Invalid controller specified (screenshots)
18:02:57 WARN (4): Invalid controller specified (profiles)
18:02:57 WARN (4): Invalid controller specified (profiles)
18:02:57 WARN (4): Invalid controller specified (profiles)
18:02:57 WARN (4): Invalid controller specified (profiles)
18:04:24 WARN (4): Invalid controller specified (screenshots)
18:04:24 WARN (4): Invalid controller specified (screenshots)
18:04:25 WARN (4): Invalid controller specified (screenshots)
18:04:25 WARN (4): Invalid controller specified (screenshots)
18:04:25 WARN (4): Invalid controller specified (screenshots)
18:04:25 WARN (4): Invalid controller specified (screenshots)
18:04:25 WARN (4): Invalid controller specified (screenshots)
18:04:25 WARN (4): Invalid controller specified (screenshots)
18:04:25 WARN (4): Invalid controller specified (screenshots)
18:04:25 WARN (4): Invalid controller specified (screenshots)
18:04:25 WARN (4): Invalid controller specified (screenshots)
18:04:25 WARN (4): Invalid controller specified (screenshots)
18:04:26 WARN (4): Invalid controller specified (screenshots)
18:04:26 WARN (4): Invalid controller specified (screenshots)
18:04:26 WARN (4): Invalid controller specified (screenshots)
18:04:26 WARN (4): Invalid controller specified (screenshots)
18:04:26 WARN (4): Invalid controller specified (screenshots)
18:04:26 WARN (4): Invalid controller specified (screenshots)
18:04:26 WARN (4): Invalid controller specified (screenshots)
18:04:26 WARN (4): Invalid controller specified (screenshots)
18:04:26 WARN (4): Invalid controller specified (screenshots)
18:04:26 WARN (4): Invalid controller specified (screenshots)
18:04:26 WARN (4): Invalid controller specified (screenshots)
18:04:26 WARN (4): Invalid controller specified (screenshots)
18:04:27 WARN (4): Invalid controller specified (screenshots)
18:04:27 WARN (4): Invalid controller specified (screenshots)
18:04:27 WARN (4): Invalid controller specified (screenshots)
18:04:27 WARN (4): Invalid controller specified (screenshots)
18:04:27 WARN (4): Invalid controller specified (screenshots)
18:04:27 WARN (4): Invalid controller specified (screenshots)
18:04:27 WARN (4): Invalid controller specified (screenshots)
18:04:27 WARN (4): Invalid controller specified (screenshots)
18:04:27 WARN (4): Invalid controller specified (screenshots)
18:04:27 WARN (4): Invalid controller specified (screenshots)
18:04:27 WARN (4): Invalid controller specified (screenshots)
18:04:28 WARN (4): Invalid controller specified (screenshots)
18:04:28 WARN (4): Invalid controller specified (screenshots)
18:04:28 WARN (4): Invalid controller specified (screenshots)
18:04:28 WARN (4): Invalid controller specified (screenshots)
18:04:28 WARN (4): Invalid controller specified (screenshots)
18:04:28 WARN (4): Invalid controller specified (screenshots)
18:04:28 WARN (4): Invalid controller specified (screenshots)
18:04:28 WARN (4): Invalid controller specified (screenshots)
18:04:28 WARN (4): Invalid controller specified (screenshots)
18:04:28 WARN (4): Invalid controller specified (screenshots)
18:04:28 WARN (4): Invalid controller specified (screenshots)
18:04:28 WARN (4): Invalid controller specified (profiles)
18:04:28 WARN (4): Invalid controller specified (profiles)
18:04:29 WARN (4): Invalid controller specified (profiles)
18:04:29 WARN (4): Invalid controller specified (profiles)
18:04:41 WARN (4): Invalid controller specified (screenshots)
18:04:41 WARN (4): Invalid controller specified (screenshots)
18:04:41 WARN (4): Invalid controller specified (screenshots)
18:04:42 WARN (4): Invalid controller specified (screenshots)
18:04:42 WARN (4): Invalid controller specified (screenshots)
18:04:42 WARN (4): Invalid controller specified (screenshots)
18:04:42 WARN (4): Invalid controller specified (screenshots)
18:04:42 WARN (4): Invalid controller specified (screenshots)
18:04:42 WARN (4): Invalid controller specified (screenshots)
18:04:42 WARN (4): Invalid controller specified (screenshots)
18:04:42 WARN (4): Invalid controller specified (screenshots)
18:04:42 WARN (4): Invalid controller specified (screenshots)
18:04:43 WARN (4): Invalid controller specified (screenshots)
18:04:43 WARN (4): Invalid controller specified (screenshots)
18:04:43 WARN (4): Invalid controller specified (screenshots)
18:04:43 WARN (4): Invalid controller specified (screenshots)
18:04:43 WARN (4): Invalid controller specified (screenshots)
18:04:43 WARN (4): Invalid controller specified (screenshots)
18:04:43 WARN (4): Invalid controller specified (screenshots)
18:04:43 WARN (4): Invalid controller specified (screenshots)
18:04:43 WARN (4): Invalid controller specified (screenshots)
18:04:43 WARN (4): Invalid controller specified (screenshots)
18:04:44 WARN (4): Invalid controller specified (screenshots)
18:04:44 WARN (4): Invalid controller specified (screenshots)
18:04:44 WARN (4): Invalid controller specified (screenshots)
18:04:44 WARN (4): Invalid controller specified (screenshots)
18:04:44 WARN (4): Invalid controller specified (screenshots)
18:04:44 WARN (4): Invalid controller specified (screenshots)
18:04:44 WARN (4): Invalid controller specified (screenshots)
18:04:44 WARN (4): Invalid controller specified (screenshots)
18:04:44 WARN (4): Invalid controller specified (screenshots)
18:04:44 WARN (4): Invalid controller specified (screenshots)
18:04:44 WARN (4): Invalid controller specified (screenshots)
18:04:45 WARN (4): Invalid controller specified (screenshots)
18:04:45 WARN (4): Invalid controller specified (screenshots)
18:04:45 WARN (4): Invalid controller specified (screenshots)
18:04:45 WARN (4): Invalid controller specified (screenshots)
18:04:45 WARN (4): Invalid controller specified (screenshots)
18:04:45 WARN (4): Invalid controller specified (screenshots)
18:04:45 WARN (4): Invalid controller specified (screenshots)
18:04:45 WARN (4): Invalid controller specified (screenshots)
18:04:45 WARN (4): Invalid controller specified (screenshots)
18:04:45 WARN (4): Invalid controller specified (screenshots)
18:04:45 WARN (4): Invalid controller specified (screenshots)
18:04:45 WARN (4): Invalid controller specified (screenshots)
18:04:46 WARN (4): Invalid controller specified (screenshots)
18:04:46 WARN (4): Invalid controller specified (profiles)
18:04:46 WARN (4): Invalid controller specified (profiles)
18:04:46 WARN (4): Invalid controller specified (profiles)
18:04:46 WARN (4): Invalid controller specified (profiles)
18:04:46 WARN (4): Invalid controller specified (screenshots)
18:04:46 WARN (4): Invalid controller specified (screenshots)
18:05:05 WARN (4): Invalid controller specified (screenshots)
18:05:05 WARN (4): Invalid controller specified (screenshots)
18:05:33 WARN (4): Invalid controller specified (screenshots)
18:05:33 WARN (4): Invalid controller specified (screenshots)
18:05:33 WARN (4): Invalid controller specified (screenshots)
18:05:33 WARN (4): Invalid controller specified (screenshots)
18:05:34 WARN (4): Invalid controller specified (screenshots)
18:05:34 WARN (4): Invalid controller specified (screenshots)
18:05:34 WARN (4): Invalid controller specified (screenshots)
18:05:34 WARN (4): Invalid controller specified (screenshots)
18:05:34 WARN (4): Invalid controller specified (screenshots)
18:05:34 WARN (4): Invalid controller specified (screenshots)
18:05:34 WARN (4): Invalid controller specified (screenshots)
18:05:34 WARN (4): Invalid controller specified (screenshots)
18:05:34 WARN (4): Invalid controller specified (screenshots)
18:05:35 WARN (4): Invalid controller specified (screenshots)
18:05:35 WARN (4): Invalid controller specified (screenshots)
18:05:35 WARN (4): Invalid controller specified (screenshots)
18:05:35 WARN (4): Invalid controller specified (screenshots)
18:05:35 WARN (4): Invalid controller specified (screenshots)
18:05:35 WARN (4): Invalid controller specified (screenshots)
18:05:35 WARN (4): Invalid controller specified (screenshots)
18:05:35 WARN (4): Invalid controller specified (screenshots)
18:05:35 WARN (4): Invalid controller specified (screenshots)
18:05:35 WARN (4): Invalid controller specified (screenshots)
18:05:35 WARN (4): Invalid controller specified (screenshots)
18:05:35 WARN (4): Invalid controller specified (screenshots)
18:05:36 WARN (4): Invalid controller specified (screenshots)
18:05:36 WARN (4): Invalid controller specified (screenshots)
18:05:36 WARN (4): Invalid controller specified (screenshots)
18:05:36 WARN (4): Invalid controller specified (screenshots)
18:05:36 WARN (4): Invalid controller specified (screenshots)
18:05:36 WARN (4): Invalid controller specified (screenshots)
18:05:36 WARN (4): Invalid controller specified (screenshots)
18:05:36 WARN (4): Invalid controller specified (screenshots)
18:05:36 WARN (4): Invalid controller specified (screenshots)
18:05:36 WARN (4): Invalid controller specified (screenshots)
18:05:36 WARN (4): Invalid controller specified (screenshots)
18:05:36 WARN (4): Invalid controller specified (screenshots)
18:05:36 WARN (4): Invalid controller specified (screenshots)
18:05:37 WARN (4): Invalid controller specified (screenshots)
18:05:37 WARN (4): Invalid controller specified (screenshots)
18:05:37 WARN (4): Invalid controller specified (screenshots)
18:05:37 WARN (4): Invalid controller specified (screenshots)
18:05:37 WARN (4): Invalid controller specified (screenshots)
18:05:37 WARN (4): Invalid controller specified (screenshots)
18:05:37 WARN (4): Invalid controller specified (screenshots)
18:05:37 WARN (4): Invalid controller specified (screenshots)
18:05:37 WARN (4): Invalid controller specified (profiles)
18:05:37 WARN (4): Invalid controller specified (profiles)
18:05:37 WARN (4): Invalid controller specified (profiles)
18:05:37 WARN (4): Invalid controller specified (profiles)
18:05:37 WARN (4): Invalid controller specified (screenshots)
18:05:38 WARN (4): Invalid controller specified (screenshots)
18:06:56|WARN|Log.php|24|call_user_func_array|Invalid controller specified (screenshots)
18:06:57|WARN|Log.php|24|call_user_func_array|Invalid controller specified (screenshots)
18:06:57|WARN|Log.php|24|call_user_func_array|Invalid controller specified (screenshots)
18:06:57|WARN|Log.php|24|call_user_func_array|Invalid controller specified (screenshots)
18:06:57|WARN|Log.php|24|call_user_func_array|Invalid controller specified (screenshots)
18:06:57|WARN|Log.php|24|call_user_func_array|Invalid controller specified (screenshots)
18:06:57|WARN|Log.php|24|call_user_func_array|Invalid controller specified (screenshots)
18:06:57|WARN|Log.php|24|call_user_func_array|Invalid controller specified (screenshots)
18:06:57|WARN|Log.php|24|call_user_func_array|Invalid controller specified (screenshots)
18:06:57|WARN|Log.php|24|call_user_func_array|Invalid controller specified (screenshots)
18:06:58|WARN|Log.php|24|call_user_func_array|Invalid controller specified (screenshots)
18:06:58|WARN|Log.php|24|call_user_func_array|Invalid controller specified (screenshots)
18:06:58|WARN|Log.php|24|call_user_func_array|Invalid controller specified (screenshots)
18:06:58|WARN|Log.php|24|call_user_func_array|Invalid controller specified (screenshots)
18:06:58|WARN|Log.php|24|call_user_func_array|Invalid controller specified (screenshots)
18:06:58|WARN|Log.php|24|call_user_func_array|Invalid controller specified (screenshots)
18:06:58|WARN|Log.php|24|call_user_func_array|Invalid controller specified (screenshots)
18:06:58|WARN|Log.php|24|call_user_func_array|Invalid controller specified (screenshots)
18:06:58|WARN|Log.php|24|call_user_func_array|Invalid controller specified (screenshots)
18:06:58|WARN|Log.php|24|call_user_func_array|Invalid controller specified (screenshots)
18:06:58|WARN|Log.php|24|call_user_func_array|Invalid controller specified (screenshots)
18:06:59|WARN|Log.php|24|call_user_func_array|Invalid controller specified (screenshots)
18:06:59|WARN|Log.php|24|call_user_func_array|Invalid controller specified (screenshots)
18:06:59|WARN|Log.php|24|call_user_func_array|Invalid controller specified (screenshots)
18:06:59|WARN|Log.php|24|call_user_func_array|Invalid controller specified (screenshots)
18:06:59|WARN|Log.php|24|call_user_func_array|Invalid controller specified (screenshots)
18:06:59|WARN|Log.php|24|call_user_func_array|Invalid controller specified (screenshots)
18:06:59|WARN|Log.php|24|call_user_func_array|Invalid controller specified (screenshots)
18:06:59|WARN|Log.php|24|call_user_func_array|Invalid controller specified (screenshots)
18:06:59|WARN|Log.php|24|call_user_func_array|Invalid controller specified (screenshots)
18:06:59|WARN|Log.php|24|call_user_func_array|Invalid controller specified (screenshots)
18:06:59|WARN|Log.php|24|call_user_func_array|Invalid controller specified (screenshots)
18:06:59|WARN|Log.php|24|call_user_func_array|Invalid controller specified (screenshots)
18:07:00|WARN|Log.php|24|call_user_func_array|Invalid controller specified (screenshots)
18:07:00|WARN|Log.php|24|call_user_func_array|Invalid controller specified (screenshots)
18:07:00|WARN|Log.php|24|call_user_func_array|Invalid controller specified (screenshots)
18:07:00|WARN|Log.php|24|call_user_func_array|Invalid controller specified (screenshots)
18:07:00|WARN|Log.php|24|call_user_func_array|Invalid controller specified (screenshots)
18:07:00|WARN|Log.php|24|call_user_func_array|Invalid controller specified (screenshots)
18:07:00|WARN|Log.php|24|call_user_func_array|Invalid controller specified (screenshots)
18:07:00|WARN|Log.php|24|call_user_func_array|Invalid controller specified (screenshots)
18:07:00|WARN|Log.php|24|call_user_func_array|Invalid controller specified (screenshots)
18:07:00|WARN|Log.php|24|call_user_func_array|Invalid controller specified (screenshots)
18:07:00|WARN|Log.php|24|call_user_func_array|Invalid controller specified (screenshots)
18:07:00|WARN|Log.php|24|call_user_func_array|Invalid controller specified (screenshots)
18:07:01|WARN|Log.php|24|call_user_func_array|Invalid controller specified (screenshots)
18:07:01|WARN|Log.php|24|call_user_func_array|Invalid controller specified (profiles)
18:07:01|WARN|Log.php|24|call_user_func_array|Invalid controller specified (profiles)
18:07:01|WARN|Log.php|24|call_user_func_array|Invalid controller specified (profiles)
18:07:01|WARN|Log.php|24|call_user_func_array|Invalid controller specified (profiles)
18:08:02 WARN (4): Invalid controller specified (screenshots)
18:08:02 WARN (4): Invalid controller specified (screenshots)
18:08:02 WARN (4): Invalid controller specified (screenshots)
18:08:02 WARN (4): Invalid controller specified (screenshots)
18:08:02 WARN (4): Invalid controller specified (screenshots)
18:08:02 WARN (4): Invalid controller specified (screenshots)
18:08:02 WARN (4): Invalid controller specified (screenshots)
18:08:03 WARN (4): Invalid controller specified (screenshots)
18:08:03 WARN (4): Invalid controller specified (screenshots)
18:08:03 WARN (4): Invalid controller specified (screenshots)
18:08:03 WARN (4): Invalid controller specified (screenshots)
18:08:03 WARN (4): Invalid controller specified (screenshots)
18:08:03 WARN (4): Invalid controller specified (screenshots)
18:08:03 WARN (4): Invalid controller specified (screenshots)
18:08:03 WARN (4): Invalid controller specified (screenshots)
18:08:03 WARN (4): Invalid controller specified (screenshots)
18:08:03 WARN (4): Invalid controller specified (screenshots)
18:08:04 WARN (4): Invalid controller specified (screenshots)
18:08:04 WARN (4): Invalid controller specified (screenshots)
18:08:04 WARN (4): Invalid controller specified (screenshots)
18:08:04 WARN (4): Invalid controller specified (screenshots)
18:08:04 WARN (4): Invalid controller specified (screenshots)
18:08:04 WARN (4): Invalid controller specified (screenshots)
18:08:04 WARN (4): Invalid controller specified (screenshots)
18:08:04 WARN (4): Invalid controller specified (screenshots)
18:08:04 WARN (4): Invalid controller specified (screenshots)
18:08:04 WARN (4): Invalid controller specified (screenshots)
18:08:04 WARN (4): Invalid controller specified (screenshots)
18:08:04 WARN (4): Invalid controller specified (screenshots)
18:08:05 WARN (4): Invalid controller specified (screenshots)
18:08:05 WARN (4): Invalid controller specified (screenshots)
18:08:05 WARN (4): Invalid controller specified (screenshots)
18:08:05 WARN (4): Invalid controller specified (screenshots)
18:08:05 WARN (4): Invalid controller specified (screenshots)
18:08:05 WARN (4): Invalid controller specified (screenshots)
18:08:05 WARN (4): Invalid controller specified (screenshots)
18:08:05 WARN (4): Invalid controller specified (screenshots)
18:08:05 WARN (4): Invalid controller specified (screenshots)
18:08:05 WARN (4): Invalid controller specified (screenshots)
18:08:05 WARN (4): Invalid controller specified (screenshots)
18:08:05 WARN (4): Invalid controller specified (screenshots)
18:08:05 WARN (4): Invalid controller specified (screenshots)
18:08:06 WARN (4): Invalid controller specified (screenshots)
18:08:06 WARN (4): Invalid controller specified (screenshots)
18:08:06 WARN (4): Invalid controller specified (screenshots)
18:08:06 WARN (4): Invalid controller specified (screenshots)
18:08:06 WARN (4): Invalid controller specified (profiles)
18:08:06 WARN (4): Invalid controller specified (profiles)
18:08:06 WARN (4): Invalid controller specified (profiles)
18:08:06 WARN (4): Invalid controller specified (profiles)
18:08:33 WARN (4): Invalid controller specified (screenshots)
18:08:33 WARN (4): Invalid controller specified (screenshots)
18:08:33 WARN (4): Invalid controller specified (screenshots)
18:08:34 WARN (4): Invalid controller specified (screenshots)
18:08:34 WARN (4): Invalid controller specified (screenshots)
18:08:34 WARN (4): Invalid controller specified (screenshots)
18:08:34 WARN (4): Invalid controller specified (screenshots)
18:08:34 WARN (4): Invalid controller specified (screenshots)
18:08:34 WARN (4): Invalid controller specified (screenshots)
18:08:34 WARN (4): Invalid controller specified (screenshots)
18:08:34 WARN (4): Invalid controller specified (screenshots)
18:08:34 WARN (4): Invalid controller specified (screenshots)
18:08:35 WARN (4): Invalid controller specified (screenshots)
18:08:35 WARN (4): Invalid controller specified (screenshots)
18:08:35 WARN (4): Invalid controller specified (screenshots)
18:08:35 WARN (4): Invalid controller specified (screenshots)
18:08:35 WARN (4): Invalid controller specified (screenshots)
18:08:35 WARN (4): Invalid controller specified (screenshots)
18:08:35 WARN (4): Invalid controller specified (screenshots)
18:08:35 WARN (4): Invalid controller specified (screenshots)
18:08:35 WARN (4): Invalid controller specified (screenshots)
18:08:35 WARN (4): Invalid controller specified (screenshots)
18:08:35 WARN (4): Invalid controller specified (screenshots)
18:08:36 WARN (4): Invalid controller specified (screenshots)
18:08:36 WARN (4): Invalid controller specified (screenshots)
18:08:36 WARN (4): Invalid controller specified (screenshots)
18:08:36 WARN (4): Invalid controller specified (screenshots)
18:08:36 WARN (4): Invalid controller specified (screenshots)
18:08:36 WARN (4): Invalid controller specified (screenshots)
18:08:36 WARN (4): Invalid controller specified (screenshots)
18:08:36 WARN (4): Invalid controller specified (screenshots)
18:08:36 WARN (4): Invalid controller specified (screenshots)
18:08:36 WARN (4): Invalid controller specified (screenshots)
18:08:36 WARN (4): Invalid controller specified (screenshots)
18:08:37 WARN (4): Invalid controller specified (screenshots)
18:08:37 WARN (4): Invalid controller specified (screenshots)
18:08:37 WARN (4): Invalid controller specified (screenshots)
18:08:37 WARN (4): Invalid controller specified (screenshots)
18:08:37 WARN (4): Invalid controller specified (screenshots)
18:08:37 WARN (4): Invalid controller specified (screenshots)
18:08:37 WARN (4): Invalid controller specified (screenshots)
18:08:37 WARN (4): Invalid controller specified (screenshots)
18:08:37 WARN (4): Invalid controller specified (screenshots)
18:08:37 WARN (4): Invalid controller specified (screenshots)
18:08:37 WARN (4): Invalid controller specified (screenshots)
18:08:37 WARN (4): Invalid controller specified (screenshots)
18:08:38 WARN (4): Invalid controller specified (profiles)
18:08:38 WARN (4): Invalid controller specified (profiles)
18:08:38 WARN (4): Invalid controller specified (profiles)
18:08:38 WARN (4): Invalid controller specified (profiles)
18:08:38 WARN (4): Invalid controller specified (screenshots)
18:08:38 WARN (4): Invalid controller specified (screenshots)
18:08:38 WARN (4): Invalid controller specified (screenshots)
18:08:38 WARN (4): Invalid controller specified (screenshots)
18:08:38 WARN (4): Invalid controller specified (screenshots)
18:08:45 WARN (4): Invalid controller specified (screenshots)
18:09:53 WARN (4): Invalid controller specified (screenshots)
18:09:54 WARN (4): Invalid controller specified (screenshots)
18:09:54 WARN (4): Invalid controller specified (screenshots)
18:09:54 WARN (4): Invalid controller specified (screenshots)
18:09:54 WARN (4): Invalid controller specified (screenshots)
18:09:54 WARN (4): Invalid controller specified (screenshots)
18:09:54 WARN (4): Invalid controller specified (screenshots)
18:09:54 WARN (4): Invalid controller specified (screenshots)
18:09:54 WARN (4): Invalid controller specified (screenshots)
18:09:54 WARN (4): Invalid controller specified (screenshots)
18:09:54 WARN (4): Invalid controller specified (screenshots)
18:09:55 WARN (4): Invalid controller specified (screenshots)
18:09:55 WARN (4): Invalid controller specified (screenshots)
18:09:55 WARN (4): Invalid controller specified (screenshots)
18:09:55 WARN (4): Invalid controller specified (screenshots)
18:09:55 WARN (4): Invalid controller specified (screenshots)
18:09:55 WARN (4): Invalid controller specified (screenshots)
18:09:55 WARN (4): Invalid controller specified (screenshots)
18:09:55 WARN (4): Invalid controller specified (screenshots)
18:09:55 WARN (4): Invalid controller specified (screenshots)
18:09:55 WARN (4): Invalid controller specified (screenshots)
18:09:55 WARN (4): Invalid controller specified (screenshots)
18:09:56 WARN (4): Invalid controller specified (screenshots)
18:09:56 WARN (4): Invalid controller specified (screenshots)
18:09:56 WARN (4): Invalid controller specified (screenshots)
18:09:56 WARN (4): Invalid controller specified (screenshots)
18:09:56 WARN (4): Invalid controller specified (screenshots)
18:09:56 WARN (4): Invalid controller specified (screenshots)
18:09:56 WARN (4): Invalid controller specified (screenshots)
18:09:56 WARN (4): Invalid controller specified (screenshots)
18:09:56 WARN (4): Invalid controller specified (screenshots)
18:09:56 WARN (4): Invalid controller specified (screenshots)
18:09:56 WARN (4): Invalid controller specified (screenshots)
18:09:57 WARN (4): Invalid controller specified (screenshots)
18:09:57 WARN (4): Invalid controller specified (screenshots)
18:09:57 WARN (4): Invalid controller specified (screenshots)
18:09:57 WARN (4): Invalid controller specified (screenshots)
18:09:57 WARN (4): Invalid controller specified (screenshots)
18:09:57 WARN (4): Invalid controller specified (screenshots)
18:09:57 WARN (4): Invalid controller specified (screenshots)
18:09:57 WARN (4): Invalid controller specified (screenshots)
18:09:57 WARN (4): Invalid controller specified (screenshots)
18:09:57 WARN (4): Invalid controller specified (screenshots)
18:09:57 WARN (4): Invalid controller specified (screenshots)
18:09:58 WARN (4): Invalid controller specified (screenshots)
18:09:58 WARN (4): Invalid controller specified (screenshots)
18:09:58 WARN (4): Invalid controller specified (profiles)
18:09:58 WARN (4): Invalid controller specified (profiles)
18:09:58 WARN (4): Invalid controller specified (profiles)
18:09:58 WARN (4): Invalid controller specified (profiles)
18:10:15 WARN (4): Invalid controller specified (screenshots)
{time:18:12:30,priorityName:WARN,priority:4,message:Invalid controller specified (screenshots)}
{time:18:12:30,priorityName:WARN,priority:4,message:Invalid controller specified (screenshots)}
{time:18:12:30,priorityName:WARN,priority:4,message:Invalid controller specified (screenshots)}
{time:18:12:30,priorityName:WARN,priority:4,message:Invalid controller specified (screenshots)}
{time:18:12:30,priorityName:WARN,priority:4,message:Invalid controller specified (screenshots)}
{time:18:12:31,priorityName:WARN,priority:4,message:Invalid controller specified (screenshots)}
{time:18:12:31,priorityName:WARN,priority:4,message:Invalid controller specified (screenshots)}
{time:18:12:31,priorityName:WARN,priority:4,message:Invalid controller specified (screenshots)}
{time:18:12:31,priorityName:WARN,priority:4,message:Invalid controller specified (screenshots)}
{time:18:12:31,priorityName:WARN,priority:4,message:Invalid controller specified (screenshots)}
{time:18:12:31,priorityName:WARN,priority:4,message:Invalid controller specified (screenshots)}
{time:18:12:31,priorityName:WARN,priority:4,message:Invalid controller specified (screenshots)}
{time:18:12:31,priorityName:WARN,priority:4,message:Invalid controller specified (screenshots)}
{time:18:12:31,priorityName:WARN,priority:4,message:Invalid controller specified (screenshots)}
{time:18:12:32,priorityName:WARN,priority:4,message:Invalid controller specified (screenshots)}
{time:18:12:32,priorityName:WARN,priority:4,message:Invalid controller specified (screenshots)}
{time:18:12:32,priorityName:WARN,priority:4,message:Invalid controller specified (screenshots)}
{time:18:12:32,priorityName:WARN,priority:4,message:Invalid controller specified (screenshots)}
{time:18:12:32,priorityName:WARN,priority:4,message:Invalid controller specified (screenshots)}
{time:18:12:32,priorityName:WARN,priority:4,message:Invalid controller specified (screenshots)}
{time:18:12:32,priorityName:WARN,priority:4,message:Invalid controller specified (screenshots)}
{time:18:12:32,priorityName:WARN,priority:4,message:Invalid controller specified (screenshots)}
{time:18:12:32,priorityName:WARN,priority:4,message:Invalid controller specified (screenshots)}
{time:18:12:32,priorityName:WARN,priority:4,message:Invalid controller specified (screenshots)}
{time:18:12:32,priorityName:WARN,priority:4,message:Invalid controller specified (screenshots)}
{time:18:12:32,priorityName:WARN,priority:4,message:Invalid controller specified (screenshots)}
{time:18:12:33,priorityName:WARN,priority:4,message:Invalid controller specified (screenshots)}
{time:18:12:33,priorityName:WARN,priority:4,message:Invalid controller specified (screenshots)}
{time:18:12:33,priorityName:WARN,priority:4,message:Invalid controller specified (screenshots)}
{time:18:12:33,priorityName:WARN,priority:4,message:Invalid controller specified (screenshots)}
{time:18:12:33,priorityName:WARN,priority:4,message:Invalid controller specified (screenshots)}
{time:18:12:33,priorityName:WARN,priority:4,message:Invalid controller specified (screenshots)}
{time:18:12:33,priorityName:WARN,priority:4,message:Invalid controller specified (screenshots)}
{time:18:12:33,priorityName:WARN,priority:4,message:Invalid controller specified (screenshots)}
{time:18:12:33,priorityName:WARN,priority:4,message:Invalid controller specified (screenshots)}
{time:18:12:33,priorityName:WARN,priority:4,message:Invalid controller specified (screenshots)}
{time:18:12:33,priorityName:WARN,priority:4,message:Invalid controller specified (screenshots)}
{time:18:12:33,priorityName:WARN,priority:4,message:Invalid controller specified (screenshots)}
{time:18:12:34,priorityName:WARN,priority:4,message:Invalid controller specified (screenshots)}
{time:18:12:34,priorityName:WARN,priority:4,message:Invalid controller specified (screenshots)}
{time:18:12:34,priorityName:WARN,priority:4,message:Invalid controller specified (screenshots)}
{time:18:12:34,priorityName:WARN,priority:4,message:Invalid controller specified (screenshots)}
{time:18:12:34,priorityName:WARN,priority:4,message:Invalid controller specified (screenshots)}
{time:18:12:34,priorityName:WARN,priority:4,message:Invalid controller specified (screenshots)}
{time:18:12:34,priorityName:WARN,priority:4,message:Invalid controller specified (screenshots)}
{time:18:12:34,priorityName:WARN,priority:4,message:Invalid controller specified (profiles)}
{time:18:12:34,priorityName:WARN,priority:4,message:Invalid controller specified (profiles)}
{time:18:12:34,priorityName:WARN,priority:4,message:Invalid controller specified (profiles)}
{time:18:12:34,priorityName:WARN,priority:4,message:Invalid controller specified (profiles)}
18:14:59 WARN (4): Invalid controller specified (screenshots)
18:14:59 WARN (4): Invalid controller specified (screenshots)
18:14:59 WARN (4): Invalid controller specified (screenshots)
18:14:59 WARN (4): Invalid controller specified (screenshots)
18:14:59 WARN (4): Invalid controller specified (screenshots)
18:15:00 WARN (4): Invalid controller specified (screenshots)
18:15:00 WARN (4): Invalid controller specified (screenshots)
18:15:00 WARN (4): Invalid controller specified (screenshots)
18:15:00 WARN (4): Invalid controller specified (screenshots)
18:15:00 WARN (4): Invalid controller specified (screenshots)
18:15:00 WARN (4): Invalid controller specified (screenshots)
18:15:00 WARN (4): Invalid controller specified (screenshots)
18:15:00 WARN (4): Invalid controller specified (screenshots)
18:15:00 WARN (4): Invalid controller specified (screenshots)
18:15:01 WARN (4): Invalid controller specified (screenshots)
18:15:01 WARN (4): Invalid controller specified (screenshots)
18:15:01 WARN (4): Invalid controller specified (screenshots)
18:15:01 WARN (4): Invalid controller specified (screenshots)
18:15:01 WARN (4): Invalid controller specified (screenshots)
18:15:01 WARN (4): Invalid controller specified (screenshots)
18:15:01 WARN (4): Invalid controller specified (screenshots)
18:15:01 WARN (4): Invalid controller specified (screenshots)
18:15:01 WARN (4): Invalid controller specified (screenshots)
18:15:01 WARN (4): Invalid controller specified (screenshots)
18:15:01 WARN (4): Invalid controller specified (screenshots)
18:15:01 WARN (4): Invalid controller specified (screenshots)
18:15:02 WARN (4): Invalid controller specified (screenshots)
18:15:02 WARN (4): Invalid controller specified (screenshots)
18:15:02 WARN (4): Invalid controller specified (screenshots)
18:15:02 WARN (4): Invalid controller specified (screenshots)
18:15:02 WARN (4): Invalid controller specified (screenshots)
18:15:02 WARN (4): Invalid controller specified (screenshots)
18:15:02 WARN (4): Invalid controller specified (screenshots)
18:15:02 WARN (4): Invalid controller specified (screenshots)
18:15:02 WARN (4): Invalid controller specified (screenshots)
18:15:02 WARN (4): Invalid controller specified (screenshots)
18:15:02 WARN (4): Invalid controller specified (screenshots)
18:15:02 WARN (4): Invalid controller specified (screenshots)
18:15:03 WARN (4): Invalid controller specified (screenshots)
18:15:03 WARN (4): Invalid controller specified (screenshots)
18:15:03 WARN (4): Invalid controller specified (screenshots)
18:15:03 WARN (4): Invalid controller specified (screenshots)
18:15:03 WARN (4): Invalid controller specified (screenshots)
18:15:03 WARN (4): Invalid controller specified (screenshots)
18:15:03 WARN (4): Invalid controller specified (screenshots)
18:15:03 WARN (4): Invalid controller specified (screenshots)
18:15:03 WARN (4): Invalid controller specified (profiles)
18:15:03 WARN (4): Invalid controller specified (profiles)
18:15:03 WARN (4): Invalid controller specified (profiles)
18:15:03 WARN (4): Invalid controller specified (profiles)
18:15:04 WARN (4): Invalid controller specified (screenshots)
18:15:04 WARN (4): Invalid controller specified (screenshots)
18:15:05 WARN (4): Invalid controller specified (screenshots)
18:15:05 WARN (4): Invalid controller specified (screenshots)
{"time":"18:16:26","priorityName":"WARN","priority":"4","message":"Invalid controller specified (screenshots)"}
{"time":"18:16:26","priorityName":"WARN","priority":"4","message":"Invalid controller specified (screenshots)"}
{"time":"18:16:27","priorityName":"WARN","priority":"4","message":"Invalid controller specified (screenshots)"}
{"time":"18:16:27","priorityName":"WARN","priority":"4","message":"Invalid controller specified (screenshots)"}
{"time":"18:16:27","priorityName":"WARN","priority":"4","message":"Invalid controller specified (screenshots)"}
{"time":"18:16:27","priorityName":"WARN","priority":"4","message":"Invalid controller specified (screenshots)"}
{"time":"18:16:27","priorityName":"WARN","priority":"4","message":"Invalid controller specified (screenshots)"}
{"time":"18:16:27","priorityName":"WARN","priority":"4","message":"Invalid controller specified (screenshots)"}
{"time":"18:16:27","priorityName":"WARN","priority":"4","message":"Invalid controller specified (screenshots)"}
{"time":"18:16:27","priorityName":"WARN","priority":"4","message":"Invalid controller specified (screenshots)"}
{"time":"18:16:27","priorityName":"WARN","priority":"4","message":"Invalid controller specified (screenshots)"}
{"time":"18:16:27","priorityName":"WARN","priority":"4","message":"Invalid controller specified (screenshots)"}
{"time":"18:16:28","priorityName":"WARN","priority":"4","message":"Invalid controller specified (screenshots)"}
{"time":"18:16:28","priorityName":"WARN","priority":"4","message":"Invalid controller specified (screenshots)"}
{"time":"18:16:28","priorityName":"WARN","priority":"4","message":"Invalid controller specified (screenshots)"}
{"time":"18:16:28","priorityName":"WARN","priority":"4","message":"Invalid controller specified (screenshots)"}
{"time":"18:16:28","priorityName":"WARN","priority":"4","message":"Invalid controller specified (screenshots)"}
{"time":"18:16:28","priorityName":"WARN","priority":"4","message":"Invalid controller specified (screenshots)"}
{"time":"18:16:28","priorityName":"WARN","priority":"4","message":"Invalid controller specified (screenshots)"}
{"time":"18:16:28","priorityName":"WARN","priority":"4","message":"Invalid controller specified (screenshots)"}
{"time":"18:16:28","priorityName":"WARN","priority":"4","message":"Invalid controller specified (screenshots)"}
{"time":"18:16:28","priorityName":"WARN","priority":"4","message":"Invalid controller specified (screenshots)"}
{"time":"18:16:29","priorityName":"WARN","priority":"4","message":"Invalid controller specified (screenshots)"}
{"time":"18:16:29","priorityName":"WARN","priority":"4","message":"Invalid controller specified (screenshots)"}
{"time":"18:16:29","priorityName":"WARN","priority":"4","message":"Invalid controller specified (screenshots)"}
{"time":"18:16:29","priorityName":"WARN","priority":"4","message":"Invalid controller specified (screenshots)"}
{"time":"18:16:29","priorityName":"WARN","priority":"4","message":"Invalid controller specified (screenshots)"}
{"time":"18:16:29","priorityName":"WARN","priority":"4","message":"Invalid controller specified (screenshots)"}
{"time":"18:16:29","priorityName":"WARN","priority":"4","message":"Invalid controller specified (screenshots)"}
{"time":"18:16:29","priorityName":"WARN","priority":"4","message":"Invalid controller specified (screenshots)"}
{"time":"18:16:29","priorityName":"WARN","priority":"4","message":"Invalid controller specified (screenshots)"}
{"time":"18:16:29","priorityName":"WARN","priority":"4","message":"Invalid controller specified (screenshots)"}
{"time":"18:16:29","priorityName":"WARN","priority":"4","message":"Invalid controller specified (screenshots)"}
{"time":"18:16:29","priorityName":"WARN","priority":"4","message":"Invalid controller specified (screenshots)"}
{"time":"18:16:30","priorityName":"WARN","priority":"4","message":"Invalid controller specified (screenshots)"}
{"time":"18:16:30","priorityName":"WARN","priority":"4","message":"Invalid controller specified (screenshots)"}
{"time":"18:16:30","priorityName":"WARN","priority":"4","message":"Invalid controller specified (screenshots)"}
{"time":"18:16:30","priorityName":"WARN","priority":"4","message":"Invalid controller specified (screenshots)"}
{"time":"18:16:30","priorityName":"WARN","priority":"4","message":"Invalid controller specified (screenshots)"}
{"time":"18:16:30","priorityName":"WARN","priority":"4","message":"Invalid controller specified (screenshots)"}
{"time":"18:16:30","priorityName":"WARN","priority":"4","message":"Invalid controller specified (screenshots)"}
{"time":"18:16:30","priorityName":"WARN","priority":"4","message":"Invalid controller specified (screenshots)"}
{"time":"18:16:30","priorityName":"WARN","priority":"4","message":"Invalid controller specified (screenshots)"}
{"time":"18:16:30","priorityName":"WARN","priority":"4","message":"Invalid controller specified (screenshots)"}
{"time":"18:16:30","priorityName":"WARN","priority":"4","message":"Invalid controller specified (screenshots)"}
{"time":"18:16:30","priorityName":"WARN","priority":"4","message":"Invalid controller specified (screenshots)"}
{"time":"18:16:30","priorityName":"WARN","priority":"4","message":"Invalid controller specified (profiles)"}
{"time":"18:16:30","priorityName":"WARN","priority":"4","message":"Invalid controller specified (profiles)"}
{"time":"18:16:31","priorityName":"WARN","priority":"4","message":"Invalid controller specified (profiles)"}
{"time":"18:16:31","priorityName":"WARN","priority":"4","message":"Invalid controller specified (profiles)"}
{"time":"18:17:12","priorityName":"WARN","priority":"4","message":"Invalid controller specified (screenshots)"}
{"time":"18:17:12","priorityName":"WARN","priority":"4","message":"Invalid controller specified (screenshots)"}
{"time":"18:17:12","priorityName":"WARN","priority":"4","message":"Invalid controller specified (screenshots)"}
{"time":"18:17:12","priorityName":"WARN","priority":"4","message":"Invalid controller specified (screenshots)"}
{"time":"18:17:12","priorityName":"WARN","priority":"4","message":"Invalid controller specified (screenshots)"}
{"time":"18:17:12","priorityName":"WARN","priority":"4","message":"Invalid controller specified (screenshots)"}
{"time":"18:17:13","priorityName":"WARN","priority":"4","message":"Invalid controller specified (screenshots)"}
{"time":"18:17:13","priorityName":"WARN","priority":"4","message":"Invalid controller specified (screenshots)"}
{"time":"18:17:13","priorityName":"WARN","priority":"4","message":"Invalid controller specified (screenshots)"}
{"time":"18:17:13","priorityName":"WARN","priority":"4","message":"Invalid controller specified (screenshots)"}
{"time":"18:17:13","priorityName":"WARN","priority":"4","message":"Invalid controller specified (screenshots)"}
{"time":"18:17:13","priorityName":"WARN","priority":"4","message":"Invalid controller specified (screenshots)"}
{"time":"18:17:13","priorityName":"WARN","priority":"4","message":"Invalid controller specified (screenshots)"}
{"time":"18:17:13","priorityName":"WARN","priority":"4","message":"Invalid controller specified (screenshots)"}
{"time":"18:17:13","priorityName":"WARN","priority":"4","message":"Invalid controller specified (screenshots)"}
{"time":"18:17:13","priorityName":"WARN","priority":"4","message":"Invalid controller specified (screenshots)"}
{"time":"18:17:14","priorityName":"WARN","priority":"4","message":"Invalid controller specified (screenshots)"}
{"time":"18:17:14","priorityName":"WARN","priority":"4","message":"Invalid controller specified (screenshots)"}
{"time":"18:17:14","priorityName":"WARN","priority":"4","message":"Invalid controller specified (screenshots)"}
{"time":"18:17:14","priorityName":"WARN","priority":"4","message":"Invalid controller specified (screenshots)"}
{"time":"18:17:14","priorityName":"WARN","priority":"4","message":"Invalid controller specified (screenshots)"}
{"time":"18:17:14","priorityName":"WARN","priority":"4","message":"Invalid controller specified (screenshots)"}
{"time":"18:17:14","priorityName":"WARN","priority":"4","message":"Invalid controller specified (screenshots)"}
{"time":"18:17:14","priorityName":"WARN","priority":"4","message":"Invalid controller specified (screenshots)"}
{"time":"18:17:14","priorityName":"WARN","priority":"4","message":"Invalid controller specified (screenshots)"}
{"time":"18:17:14","priorityName":"WARN","priority":"4","message":"Invalid controller specified (screenshots)"}
{"time":"18:17:14","priorityName":"WARN","priority":"4","message":"Invalid controller specified (screenshots)"}
{"time":"18:17:14","priorityName":"WARN","priority":"4","message":"Invalid controller specified (screenshots)"}
{"time":"18:17:14","priorityName":"WARN","priority":"4","message":"Invalid controller specified (screenshots)"}
{"time":"18:17:15","priorityName":"WARN","priority":"4","message":"Invalid controller specified (screenshots)"}
{"time":"18:17:15","priorityName":"WARN","priority":"4","message":"Invalid controller specified (screenshots)"}
{"time":"18:17:15","priorityName":"WARN","priority":"4","message":"Invalid controller specified (screenshots)"}
{"time":"18:17:15","priorityName":"WARN","priority":"4","message":"Invalid controller specified (screenshots)"}
{"time":"18:17:15","priorityName":"WARN","priority":"4","message":"Invalid controller specified (screenshots)"}
{"time":"18:17:15","priorityName":"WARN","priority":"4","message":"Invalid controller specified (screenshots)"}
{"time":"18:17:15","priorityName":"WARN","priority":"4","message":"Invalid controller specified (screenshots)"}
{"time":"18:17:15","priorityName":"WARN","priority":"4","message":"Invalid controller specified (screenshots)"}
{"time":"18:17:15","priorityName":"WARN","priority":"4","message":"Invalid controller specified (screenshots)"}
{"time":"18:17:15","priorityName":"WARN","priority":"4","message":"Invalid controller specified (screenshots)"}
{"time":"18:17:15","priorityName":"WARN","priority":"4","message":"Invalid controller specified (screenshots)"}
{"time":"18:17:16","priorityName":"WARN","priority":"4","message":"Invalid controller specified (screenshots)"}
{"time":"18:17:16","priorityName":"WARN","priority":"4","message":"Invalid controller specified (screenshots)"}
{"time":"18:17:16","priorityName":"WARN","priority":"4","message":"Invalid controller specified (screenshots)"}
{"time":"18:17:16","priorityName":"WARN","priority":"4","message":"Invalid controller specified (screenshots)"}
{"time":"18:17:16","priorityName":"WARN","priority":"4","message":"Invalid controller specified (screenshots)"}
{"time":"18:17:16","priorityName":"WARN","priority":"4","message":"Invalid controller specified (screenshots)"}
{"time":"18:17:16","priorityName":"WARN","priority":"4","message":"Invalid controller specified (profiles)"}
{"time":"18:17:16","priorityName":"WARN","priority":"4","message":"Invalid controller specified (profiles)"}
{"time":"18:17:16","priorityName":"WARN","priority":"4","message":"Invalid controller specified (profiles)"}
{"time":"18:17:16","priorityName":"WARN","priority":"4","message":"Invalid controller specified (profiles)"}
{"time":"18:17:16","priorityName":"WARN","priority":"4","message":"Invalid controller specified (screenshots)"}
{"timestamp":"18:17:38","message":"Invalid controller specified (screenshots)","priority":4,"priorityName":"WARN","uid":null,"file":"Log.php","line":24,"function":"call_user_func_array"}{"timestamp":"18:17:38","message":"Invalid controller specified (screenshots)","priority":4,"priorityName":"WARN","uid":null,"file":"Log.php","line":24,"function":"call_user_func_array"}{"timestamp":"18:17:39","message":"Invalid controller specified (screenshots)","priority":4,"priorityName":"WARN","uid":null,"file":"Log.php","line":24,"function":"call_user_func_array"}{"timestamp":"18:17:39","message":"Invalid controller specified (screenshots)","priority":4,"priorityName":"WARN","uid":null,"file":"Log.php","line":24,"function":"call_user_func_array"}{"timestamp":"18:17:39","message":"Invalid controller specified (screenshots)","priority":4,"priorityName":"WARN","uid":null,"file":"Log.php","line":24,"function":"call_user_func_array"}{"timestamp":"18:17:39","message":"Invalid controller specified (screenshots)","priority":4,"priorityName":"WARN","uid":null,"file":"Log.php","line":24,"function":"call_user_func_array"}{"timestamp":"18:17:39","message":"Invalid controller specified (screenshots)","priority":4,"priorityName":"WARN","uid":null,"file":"Log.php","line":24,"function":"call_user_func_array"}{"timestamp":"18:17:39","message":"Invalid controller specified (screenshots)","priority":4,"priorityName":"WARN","uid":null,"file":"Log.php","line":24,"function":"call_user_func_array"}{"timestamp":"18:17:39","message":"Invalid controller specified (screenshots)","priority":4,"priorityName":"WARN","uid":null,"file":"Log.php","line":24,"function":"call_user_func_array"}{"timestamp":"18:17:39","message":"Invalid controller specified (screenshots)","priority":4,"priorityName":"WARN","uid":null,"file":"Log.php","line":24,"function":"call_user_func_array"}{"timestamp":"18:17:39","message":"Invalid controller specified (screenshots)","priority":4,"priorityName":"WARN","uid":null,"file":"Log.php","line":24,"function":"call_user_func_array"}{"timestamp":"18:17:40","message":"Invalid controller specified (screenshots)","priority":4,"priorityName":"WARN","uid":null,"file":"Log.php","line":24,"function":"call_user_func_array"}{"timestamp":"18:17:40","message":"Invalid controller specified (screenshots)","priority":4,"priorityName":"WARN","uid":null,"file":"Log.php","line":24,"function":"call_user_func_array"}{"timestamp":"18:17:40","message":"Invalid controller specified (screenshots)","priority":4,"priorityName":"WARN","uid":null,"file":"Log.php","line":24,"function":"call_user_func_array"}{"timestamp":"18:17:40","message":"Invalid controller specified (screenshots)","priority":4,"priorityName":"WARN","uid":null,"file":"Log.php","line":24,"function":"call_user_func_array"}{"timestamp":"18:17:40","message":"Invalid controller specified (screenshots)","priority":4,"priorityName":"WARN","uid":null,"file":"Log.php","line":24,"function":"call_user_func_array"}{"timestamp":"18:17:40","message":"Invalid controller specified (screenshots)","priority":4,"priorityName":"WARN","uid":null,"file":"Log.php","line":24,"function":"call_user_func_array"}{"timestamp":"18:17:40","message":"Invalid controller specified (screenshots)","priority":4,"priorityName":"WARN","uid":null,"file":"Log.php","line":24,"function":"call_user_func_array"}{"timestamp":"18:17:40","message":"Invalid controller specified (screenshots)","priority":4,"priorityName":"WARN","uid":null,"file":"Log.php","line":24,"function":"call_user_func_array"}{"timestamp":"18:17:40","message":"Invalid controller specified (screenshots)","priority":4,"priorityName":"WARN","uid":null,"file":"Log.php","line":24,"function":"call_user_func_array"}{"timestamp":"18:17:40","message":"Invalid controller specified (screenshots)","priority":4,"priorityName":"WARN","uid":null,"file":"Log.php","line":24,"function":"call_user_func_array"}{"timestamp":"18:17:40","message":"Invalid controller specified (screenshots)","priority":4,"priorityName":"WARN","uid":null,"file":"Log.php","line":24,"function":"call_user_func_array"}{"timestamp":"18:17:41","message":"Invalid controller specified (screenshots)","priority":4,"priorityName":"WARN","uid":null,"file":"Log.php","line":24,"function":"call_user_func_array"}{"timestamp":"18:17:41","message":"Invalid controller specified (screenshots)","priority":4,"priorityName":"WARN","uid":null,"file":"Log.php","line":24,"function":"call_user_func_array"}{"timestamp":"18:17:41","message":"Invalid controller specified (screenshots)","priority":4,"priorityName":"WARN","uid":null,"file":"Log.php","line":24,"function":"call_user_func_array"}{"timestamp":"18:17:41","message":"Invalid controller specified (screenshots)","priority":4,"priorityName":"WARN","uid":null,"file":"Log.php","line":24,"function":"call_user_func_array"}{"timestamp":"18:17:41","message":"Invalid controller specified (screenshots)","priority":4,"priorityName":"WARN","uid":null,"file":"Log.php","line":24,"function":"call_user_func_array"}{"timestamp":"18:17:41","message":"Invalid controller specified (screenshots)","priority":4,"priorityName":"WARN","uid":null,"file":"Log.php","line":24,"function":"call_user_func_array"}{"timestamp":"18:17:41","message":"Invalid controller specified (screenshots)","priority":4,"priorityName":"WARN","uid":null,"file":"Log.php","line":24,"function":"call_user_func_array"}{"timestamp":"18:17:41","message":"Invalid controller specified (screenshots)","priority":4,"priorityName":"WARN","uid":null,"file":"Log.php","line":24,"function":"call_user_func_array"}{"timestamp":"18:17:41","message":"Invalid controller specified (screenshots)","priority":4,"priorityName":"WARN","uid":null,"file":"Log.php","line":24,"function":"call_user_func_array"}{"timestamp":"18:17:41","message":"Invalid controller specified (screenshots)","priority":4,"priorityName":"WARN","uid":null,"file":"Log.php","line":24,"function":"call_user_func_array"}{"timestamp":"18:17:41","message":"Invalid controller specified (screenshots)","priority":4,"priorityName":"WARN","uid":null,"file":"Log.php","line":24,"function":"call_user_func_array"}{"timestamp":"18:17:41","message":"Invalid controller specified (screenshots)","priority":4,"priorityName":"WARN","uid":null,"file":"Log.php","line":24,"function":"call_user_func_array"}{"timestamp":"18:17:41","message":"Invalid controller specified (screenshots)","priority":4,"priorityName":"WARN","uid":null,"file":"Log.php","line":24,"function":"call_user_func_array"}{"timestamp":"18:17:42","message":"Invalid controller specified (screenshots)","priority":4,"priorityName":"WARN","uid":null,"file":"Log.php","line":24,"function":"call_user_func_array"}{"timestamp":"18:17:42","message":"Invalid controller specified (screenshots)","priority":4,"priorityName":"WARN","uid":null,"file":"Log.php","line":24,"function":"call_user_func_array"}{"timestamp":"18:17:42","message":"Invalid controller specified (screenshots)","priority":4,"priorityName":"WARN","uid":null,"file":"Log.php","line":24,"function":"call_user_func_array"}{"timestamp":"18:17:42","message":"Invalid controller specified (screenshots)","priority":4,"priorityName":"WARN","uid":null,"file":"Log.php","line":24,"function":"call_user_func_array"}{"timestamp":"18:17:42","message":"Invalid controller specified (screenshots)","priority":4,"priorityName":"WARN","uid":null,"file":"Log.php","line":24,"function":"call_user_func_array"}{"timestamp":"18:17:42","message":"Invalid controller specified (screenshots)","priority":4,"priorityName":"WARN","uid":null,"file":"Log.php","line":24,"function":"call_user_func_array"}{"timestamp":"18:17:42","message":"Invalid controller specified (screenshots)","priority":4,"priorityName":"WARN","uid":null,"file":"Log.php","line":24,"function":"call_user_func_array"}{"timestamp":"18:17:42","message":"Invalid controller specified (screenshots)","priority":4,"priorityName":"WARN","uid":null,"file":"Log.php","line":24,"function":"call_user_func_array"}{"timestamp":"18:17:42","message":"Invalid controller specified (screenshots)","priority":4,"priorityName":"WARN","uid":null,"file":"Log.php","line":24,"function":"call_user_func_array"}{"timestamp":"18:17:42","message":"Invalid controller specified (screenshots)","priority":4,"priorityName":"WARN","uid":null,"file":"Log.php","line":24,"function":"call_user_func_array"}{"timestamp":"18:17:42","message":"Invalid controller specified (screenshots)","priority":4,"priorityName":"WARN","uid":null,"file":"Log.php","line":24,"function":"call_user_func_array"}{"timestamp":"18:17:42","message":"Invalid controller specified (profiles)","priority":4,"priorityName":"WARN","uid":null,"file":"Log.php","line":24,"function":"call_user_func_array"}{"timestamp":"18:17:42","message":"Invalid controller specified (profiles)","priority":4,"priorityName":"WARN","uid":null,"file":"Log.php","line":24,"function":"call_user_func_array"}{"timestamp":"18:17:43","message":"Invalid controller specified (profiles)","priority":4,"priorityName":"WARN","uid":null,"file":"Log.php","line":24,"function":"call_user_func_array"}{"timestamp":"18:17:43","message":"Invalid controller specified (profiles)","priority":4,"priorityName":"WARN","uid":null,"file":"Log.php","line":24,"function":"call_user_func_array"}{"timestamp":"18:19:16","message":"Invalid controller specified (screenshots)","priority":4,"priorityName":"WARN","uid":null,"file":"Log.php","line":24,"function":"call_user_func_array"}{"timestamp":"18:19:16","message":"Invalid controller specified (screenshots)","priority":4,"priorityName":"WARN","uid":null,"file":"Log.php","line":24,"function":"call_user_func_array"}{"timestamp":"18:19:16","message":"Invalid controller specified (screenshots)","priority":4,"priorityName":"WARN","uid":null,"file":"Log.php","line":24,"function":"call_user_func_array"}{"timestamp":"18:19:16","message":"Invalid controller specified (screenshots)","priority":4,"priorityName":"WARN","uid":null,"file":"Log.php","line":24,"function":"call_user_func_array"}{"timestamp":"18:19:17","message":"Invalid controller specified (screenshots)","priority":4,"priorityName":"WARN","uid":null,"file":"Log.php","line":24,"function":"call_user_func_array"}{"timestamp":"18:19:17","message":"Invalid controller specified (screenshots)","priority":4,"priorityName":"WARN","uid":null,"file":"Log.php","line":24,"function":"call_user_func_array"}{"timestamp":"18:19:17","message":"Invalid controller specified (screenshots)","priority":4,"priorityName":"WARN","uid":null,"file":"Log.php","line":24,"function":"call_user_func_array"}{"timestamp":"18:19:17","message":"Invalid controller specified (screenshots)","priority":4,"priorityName":"WARN","uid":null,"file":"Log.php","line":24,"function":"call_user_func_array"}{"timestamp":"18:19:17","message":"Invalid controller specified (screenshots)","priority":4,"priorityName":"WARN","uid":null,"file":"Log.php","line":24,"function":"call_user_func_array"}{"timestamp":"18:19:17","message":"Invalid controller specified (screenshots)","priority":4,"priorityName":"WARN","uid":null,"file":"Log.php","line":24,"function":"call_user_func_array"}{"timestamp":"18:19:17","message":"Invalid controller specified (screenshots)","priority":4,"priorityName":"WARN","uid":null,"file":"Log.php","line":24,"function":"call_user_func_array"}{"timestamp":"18:19:17","message":"Invalid controller specified (screenshots)","priority":4,"priorityName":"WARN","uid":null,"file":"Log.php","line":24,"function":"call_user_func_array"}{"timestamp":"18:19:17","message":"Invalid controller specified (screenshots)","priority":4,"priorityName":"WARN","uid":null,"file":"Log.php","line":24,"function":"call_user_func_array"}{"timestamp":"18:19:17","message":"Invalid controller specified (screenshots)","priority":4,"priorityName":"WARN","uid":null,"file":"Log.php","line":24,"function":"call_user_func_array"}{"timestamp":"18:19:18","message":"Invalid controller specified (screenshots)","priority":4,"priorityName":"WARN","uid":null,"file":"Log.php","line":24,"function":"call_user_func_array"}{"timestamp":"18:19:18","message":"Invalid controller specified (screenshots)","priority":4,"priorityName":"WARN","uid":null,"file":"Log.php","line":24,"function":"call_user_func_array"}{"timestamp":"18:19:18","message":"Invalid controller specified (screenshots)","priority":4,"priorityName":"WARN","uid":null,"file":"Log.php","line":24,"function":"call_user_func_array"}{"timestamp":"18:19:18","message":"Invalid controller specified (screenshots)","priority":4,"priorityName":"WARN","uid":null,"file":"Log.php","line":24,"function":"call_user_func_array"}{"timestamp":"18:19:18","message":"Invalid controller specified (screenshots)","priority":4,"priorityName":"WARN","uid":null,"file":"Log.php","line":24,"function":"call_user_func_array"}{"timestamp":"18:19:18","message":"Invalid controller specified (screenshots)","priority":4,"priorityName":"WARN","uid":null,"file":"Log.php","line":24,"function":"call_user_func_array"}{"timestamp":"18:19:18","message":"Invalid controller specified (screenshots)","priority":4,"priorityName":"WARN","uid":null,"file":"Log.php","line":24,"function":"call_user_func_array"}{"timestamp":"18:19:18","message":"Invalid controller specified (screenshots)","priority":4,"priorityName":"WARN","uid":null,"file":"Log.php","line":24,"function":"call_user_func_array"}{"timestamp":"18:19:18","message":"Invalid controller specified (screenshots)","priority":4,"priorityName":"WARN","uid":null,"file":"Log.php","line":24,"function":"call_user_func_array"}{"timestamp":"18:19:18","message":"Invalid controller specified (screenshots)","priority":4,"priorityName":"WARN","uid":null,"file":"Log.php","line":24,"function":"call_user_func_array"}{"timestamp":"18:19:18","message":"Invalid controller specified (screenshots)","priority":4,"priorityName":"WARN","uid":null,"file":"Log.php","line":24,"function":"call_user_func_array"}{"timestamp":"18:19:18","message":"Invalid controller specified (screenshots)","priority":4,"priorityName":"WARN","uid":null,"file":"Log.php","line":24,"function":"call_user_func_array"}{"timestamp":"18:19:19","message":"Invalid controller specified (screenshots)","priority":4,"priorityName":"WARN","uid":null,"file":"Log.php","line":24,"function":"call_user_func_array"}{"timestamp":"18:19:19","message":"Invalid controller specified (screenshots)","priority":4,"priorityName":"WARN","uid":null,"file":"Log.php","line":24,"function":"call_user_func_array"}{"timestamp":"18:19:19","message":"Invalid controller specified (screenshots)","priority":4,"priorityName":"WARN","uid":null,"file":"Log.php","line":24,"function":"call_user_func_array"}{"timestamp":"18:19:19","message":"Invalid controller specified (screenshots)","priority":4,"priorityName":"WARN","uid":null,"file":"Log.php","line":24,"function":"call_user_func_array"}{"timestamp":"18:19:19","message":"Invalid controller specified (screenshots)","priority":4,"priorityName":"WARN","uid":null,"file":"Log.php","line":24,"function":"call_user_func_array"}{"timestamp":"18:19:19","message":"Invalid controller specified (screenshots)","priority":4,"priorityName":"WARN","uid":null,"file":"Log.php","line":24,"function":"call_user_func_array"}{"timestamp":"18:19:19","message":"Invalid controller specified (screenshots)","priority":4,"priorityName":"WARN","uid":null,"file":"Log.php","line":24,"function":"call_user_func_array"}{"timestamp":"18:19:19","message":"Invalid controller specified (screenshots)","priority":4,"priorityName":"WARN","uid":null,"file":"Log.php","line":24,"function":"call_user_func_array"}{"timestamp":"18:19:19","message":"Invalid controller specified (screenshots)","priority":4,"priorityName":"WARN","uid":null,"file":"Log.php","line":24,"function":"call_user_func_array"}{"timestamp":"18:19:19","message":"Invalid controller specified (screenshots)","priority":4,"priorityName":"WARN","uid":null,"file":"Log.php","line":24,"function":"call_user_func_array"}{"timestamp":"18:19:19","message":"Invalid controller specified (screenshots)","priority":4,"priorityName":"WARN","uid":null,"file":"Log.php","line":24,"function":"call_user_func_array"}{"timestamp":"18:19:20","message":"Invalid controller specified (screenshots)","priority":4,"priorityName":"WARN","uid":null,"file":"Log.php","line":24,"function":"call_user_func_array"}{"timestamp":"18:19:20","message":"Invalid controller specified (screenshots)","priority":4,"priorityName":"WARN","uid":null,"file":"Log.php","line":24,"function":"call_user_func_array"}{"timestamp":"18:19:20","message":"Invalid controller specified (screenshots)","priority":4,"priorityName":"WARN","uid":null,"file":"Log.php","line":24,"function":"call_user_func_array"}{"timestamp":"18:19:20","message":"Invalid controller specified (screenshots)","priority":4,"priorityName":"WARN","uid":null,"file":"Log.php","line":24,"function":"call_user_func_array"}{"timestamp":"18:19:20","message":"Invalid controller specified (screenshots)","priority":4,"priorityName":"WARN","uid":null,"file":"Log.php","line":24,"function":"call_user_func_array"}{"timestamp":"18:19:20","message":"Invalid controller specified (screenshots)","priority":4,"priorityName":"WARN","uid":null,"file":"Log.php","line":24,"function":"call_user_func_array"}{"timestamp":"18:19:20","message":"Invalid controller specified (screenshots)","priority":4,"priorityName":"WARN","uid":null,"file":"Log.php","line":24,"function":"call_user_func_array"}{"timestamp":"18:19:20","message":"Invalid controller specified (screenshots)","priority":4,"priorityName":"WARN","uid":null,"file":"Log.php","line":24,"function":"call_user_func_array"}{"timestamp":"18:19:20","message":"Invalid controller specified (screenshots)","priority":4,"priorityName":"WARN","uid":null,"file":"Log.php","line":24,"function":"call_user_func_array"}{"timestamp":"18:19:20","message":"Invalid controller specified (profiles)","priority":4,"priorityName":"WARN","uid":null,"file":"Log.php","line":24,"function":"call_user_func_array"}{"timestamp":"18:19:20","message":"Invalid controller specified (profiles)","priority":4,"priorityName":"WARN","uid":null,"file":"Log.php","line":24,"function":"call_user_func_array"}{"timestamp":"18:19:20","message":"Invalid controller specified (profiles)","priority":4,"priorityName":"WARN","uid":null,"file":"Log.php","line":24,"function":"call_user_func_array"}{"timestamp":"18:19:20","message":"Invalid controller specified (profiles)","priority":4,"priorityName":"WARN","uid":null,"file":"Log.php","line":24,"function":"call_user_func_array"}{"timestamp":"18:19:36","message":"Invalid controller specified (screenshots)","priority":4,"priorityName":"WARN","uid":null,"file":"Log.php","line":24,"function":"call_user_func_array"}
{"timestamp":"18:19:36","message":"Invalid controller specified (screenshots)","priority":4,"priorityName":"WARN","uid":null,"file":"Log.php","line":24,"function":"call_user_func_array"}
{"timestamp":"18:19:36","message":"Invalid controller specified (screenshots)","priority":4,"priorityName":"WARN","uid":null,"file":"Log.php","line":24,"function":"call_user_func_array"}
{"timestamp":"18:19:36","message":"Invalid controller specified (screenshots)","priority":4,"priorityName":"WARN","uid":null,"file":"Log.php","line":24,"function":"call_user_func_array"}
{"timestamp":"18:19:36","message":"Invalid controller specified (screenshots)","priority":4,"priorityName":"WARN","uid":null,"file":"Log.php","line":24,"function":"call_user_func_array"}
{"timestamp":"18:19:36","message":"Invalid controller specified (screenshots)","priority":4,"priorityName":"WARN","uid":null,"file":"Log.php","line":24,"function":"call_user_func_array"}
{"timestamp":"18:19:36","message":"Invalid controller specified (screenshots)","priority":4,"priorityName":"WARN","uid":null,"file":"Log.php","line":24,"function":"call_user_func_array"}
{"timestamp":"18:19:36","message":"Invalid controller specified (screenshots)","priority":4,"priorityName":"WARN","uid":null,"file":"Log.php","line":24,"function":"call_user_func_array"}
{"timestamp":"18:19:37","message":"Invalid controller specified (screenshots)","priority":4,"priorityName":"WARN","uid":null,"file":"Log.php","line":24,"function":"call_user_func_array"}
{"timestamp":"18:19:37","message":"Invalid controller specified (screenshots)","priority":4,"priorityName":"WARN","uid":null,"file":"Log.php","line":24,"function":"call_user_func_array"}
{"timestamp":"18:19:37","message":"Invalid controller specified (screenshots)","priority":4,"priorityName":"WARN","uid":null,"file":"Log.php","line":24,"function":"call_user_func_array"}
{"timestamp":"18:19:37","message":"Invalid controller specified (screenshots)","priority":4,"priorityName":"WARN","uid":null,"file":"Log.php","line":24,"function":"call_user_func_array"}
{"timestamp":"18:19:37","message":"Invalid controller specified (screenshots)","priority":4,"priorityName":"WARN","uid":null,"file":"Log.php","line":24,"function":"call_user_func_array"}
{"timestamp":"18:19:37","message":"Invalid controller specified (screenshots)","priority":4,"priorityName":"WARN","uid":null,"file":"Log.php","line":24,"function":"call_user_func_array"}
{"timestamp":"18:19:37","message":"Invalid controller specified (screenshots)","priority":4,"priorityName":"WARN","uid":null,"file":"Log.php","line":24,"function":"call_user_func_array"}
{"timestamp":"18:19:37","message":"Invalid controller specified (screenshots)","priority":4,"priorityName":"WARN","uid":null,"file":"Log.php","line":24,"function":"call_user_func_array"}
{"timestamp":"18:19:37","message":"Invalid controller specified (screenshots)","priority":4,"priorityName":"WARN","uid":null,"file":"Log.php","line":24,"function":"call_user_func_array"}
{"timestamp":"18:19:37","message":"Invalid controller specified (screenshots)","priority":4,"priorityName":"WARN","uid":null,"file":"Log.php","line":24,"function":"call_user_func_array"}
{"timestamp":"18:19:38","message":"Invalid controller specified (screenshots)","priority":4,"priorityName":"WARN","uid":null,"file":"Log.php","line":24,"function":"call_user_func_array"}
{"timestamp":"18:19:38","message":"Invalid controller specified (screenshots)","priority":4,"priorityName":"WARN","uid":null,"file":"Log.php","line":24,"function":"call_user_func_array"}
{"timestamp":"18:19:38","message":"Invalid controller specified (screenshots)","priority":4,"priorityName":"WARN","uid":null,"file":"Log.php","line":24,"function":"call_user_func_array"}
{"timestamp":"18:19:38","message":"Invalid controller specified (screenshots)","priority":4,"priorityName":"WARN","uid":null,"file":"Log.php","line":24,"function":"call_user_func_array"}
{"timestamp":"18:19:38","message":"Invalid controller specified (screenshots)","priority":4,"priorityName":"WARN","uid":null,"file":"Log.php","line":24,"function":"call_user_func_array"}
{"timestamp":"18:19:38","message":"Invalid controller specified (screenshots)","priority":4,"priorityName":"WARN","uid":null,"file":"Log.php","line":24,"function":"call_user_func_array"}
{"timestamp":"18:19:38","message":"Invalid controller specified (screenshots)","priority":4,"priorityName":"WARN","uid":null,"file":"Log.php","line":24,"function":"call_user_func_array"}
{"timestamp":"18:19:38","message":"Invalid controller specified (screenshots)","priority":4,"priorityName":"WARN","uid":null,"file":"Log.php","line":24,"function":"call_user_func_array"}
{"timestamp":"18:19:38","message":"Invalid controller specified (screenshots)","priority":4,"priorityName":"WARN","uid":null,"file":"Log.php","line":24,"function":"call_user_func_array"}
{"timestamp":"18:19:38","message":"Invalid controller specified (screenshots)","priority":4,"priorityName":"WARN","uid":null,"file":"Log.php","line":24,"function":"call_user_func_array"}
{"timestamp":"18:19:38","message":"Invalid controller specified (screenshots)","priority":4,"priorityName":"WARN","uid":null,"file":"Log.php","line":24,"function":"call_user_func_array"}
{"timestamp":"18:19:38","message":"Invalid controller specified (screenshots)","priority":4,"priorityName":"WARN","uid":null,"file":"Log.php","line":24,"function":"call_user_func_array"}
{"timestamp":"18:19:38","message":"Invalid controller specified (screenshots)","priority":4,"priorityName":"WARN","uid":null,"file":"Log.php","line":24,"function":"call_user_func_array"}
{"timestamp":"18:19:39","message":"Invalid controller specified (screenshots)","priority":4,"priorityName":"WARN","uid":null,"file":"Log.php","line":24,"function":"call_user_func_array"}
{"timestamp":"18:19:39","message":"Invalid controller specified (screenshots)","priority":4,"priorityName":"WARN","uid":null,"file":"Log.php","line":24,"function":"call_user_func_array"}
{"timestamp":"18:19:39","message":"Invalid controller specified (screenshots)","priority":4,"priorityName":"WARN","uid":null,"file":"Log.php","line":24,"function":"call_user_func_array"}
{"timestamp":"18:19:39","message":"Invalid controller specified (screenshots)","priority":4,"priorityName":"WARN","uid":null,"file":"Log.php","line":24,"function":"call_user_func_array"}
{"timestamp":"18:19:39","message":"Invalid controller specified (screenshots)","priority":4,"priorityName":"WARN","uid":null,"file":"Log.php","line":24,"function":"call_user_func_array"}
{"timestamp":"18:19:39","message":"Invalid controller specified (screenshots)","priority":4,"priorityName":"WARN","uid":null,"file":"Log.php","line":24,"function":"call_user_func_array"}
{"timestamp":"18:19:39","message":"Invalid controller specified (screenshots)","priority":4,"priorityName":"WARN","uid":null,"file":"Log.php","line":24,"function":"call_user_func_array"}
{"timestamp":"18:19:39","message":"Invalid controller specified (screenshots)","priority":4,"priorityName":"WARN","uid":null,"file":"Log.php","line":24,"function":"call_user_func_array"}
{"timestamp":"18:19:39","message":"Invalid controller specified (screenshots)","priority":4,"priorityName":"WARN","uid":null,"file":"Log.php","line":24,"function":"call_user_func_array"}
{"timestamp":"18:19:39","message":"Invalid controller specified (screenshots)","priority":4,"priorityName":"WARN","uid":null,"file":"Log.php","line":24,"function":"call_user_func_array"}
{"timestamp":"18:19:39","message":"Invalid controller specified (screenshots)","priority":4,"priorityName":"WARN","uid":null,"file":"Log.php","line":24,"function":"call_user_func_array"}
{"timestamp":"18:19:39","message":"Invalid controller specified (screenshots)","priority":4,"priorityName":"WARN","uid":null,"file":"Log.php","line":24,"function":"call_user_func_array"}
{"timestamp":"18:19:40","message":"Invalid controller specified (screenshots)","priority":4,"priorityName":"WARN","uid":null,"file":"Log.php","line":24,"function":"call_user_func_array"}
{"timestamp":"18:19:40","message":"Invalid controller specified (screenshots)","priority":4,"priorityName":"WARN","uid":null,"file":"Log.php","line":24,"function":"call_user_func_array"}
{"timestamp":"18:19:40","message":"Invalid controller specified (screenshots)","priority":4,"priorityName":"WARN","uid":null,"file":"Log.php","line":24,"function":"call_user_func_array"}
{"timestamp":"18:19:40","message":"Invalid controller specified (profiles)","priority":4,"priorityName":"WARN","uid":null,"file":"Log.php","line":24,"function":"call_user_func_array"}
{"timestamp":"18:19:40","message":"Invalid controller specified (profiles)","priority":4,"priorityName":"WARN","uid":null,"file":"Log.php","line":24,"function":"call_user_func_array"}
{"timestamp":"18:19:40","message":"Invalid controller specified (profiles)","priority":4,"priorityName":"WARN","uid":null,"file":"Log.php","line":24,"function":"call_user_func_array"}
{"timestamp":"18:19:40","message":"Invalid controller specified (profiles)","priority":4,"priorityName":"WARN","uid":null,"file":"Log.php","line":24,"function":"call_user_func_array"}
{"timestamp":"18:19:46","message":"Invalid controller specified (screenshots)","priority":4,"priorityName":"WARN","uid":null,"file":"Log.php","line":24,"function":"call_user_func_array"}
{"timestamp":"18:19:46","message":"Invalid controller specified (screenshots)","priority":4,"priorityName":"WARN","uid":null,"file":"Log.php","line":24,"function":"call_user_func_array"}
{"timestamp":"18:19:46","message":"Invalid controller specified (screenshots)","priority":4,"priorityName":"WARN","uid":null,"file":"Log.php","line":24,"function":"call_user_func_array"}
{"timestamp":"18:19:46","message":"Invalid controller specified (screenshots)","priority":4,"priorityName":"WARN","uid":null,"file":"Log.php","line":24,"function":"call_user_func_array"}
{"timestamp":"18:19:46","message":"Invalid controller specified (screenshots)","priority":4,"priorityName":"WARN","uid":null,"file":"Log.php","line":24,"function":"call_user_func_array"}
{"timestamp":"18:19:46","message":"Invalid controller specified (screenshots)","priority":4,"priorityName":"WARN","uid":null,"file":"Log.php","line":24,"function":"call_user_func_array"}
{"timestamp":"18:19:46","message":"Invalid controller specified (screenshots)","priority":4,"priorityName":"WARN","uid":null,"file":"Log.php","line":24,"function":"call_user_func_array"}
{"timestamp":"18:19:46","message":"Invalid controller specified (screenshots)","priority":4,"priorityName":"WARN","uid":null,"file":"Log.php","line":24,"function":"call_user_func_array"}
{"timestamp":"18:19:47","message":"Invalid controller specified (screenshots)","priority":4,"priorityName":"WARN","uid":null,"file":"Log.php","line":24,"function":"call_user_func_array"}
{"timestamp":"18:19:47","message":"Invalid controller specified (screenshots)","priority":4,"priorityName":"WARN","uid":null,"file":"Log.php","line":24,"function":"call_user_func_array"}
{"timestamp":"18:19:47","message":"Invalid controller specified (screenshots)","priority":4,"priorityName":"WARN","uid":null,"file":"Log.php","line":24,"function":"call_user_func_array"}
{"timestamp":"18:19:47","message":"Invalid controller specified (screenshots)","priority":4,"priorityName":"WARN","uid":null,"file":"Log.php","line":24,"function":"call_user_func_array"}
{"timestamp":"18:19:47","message":"Invalid controller specified (screenshots)","priority":4,"priorityName":"WARN","uid":null,"file":"Log.php","line":24,"function":"call_user_func_array"}
{"timestamp":"18:19:47","message":"Invalid controller specified (screenshots)","priority":4,"priorityName":"WARN","uid":null,"file":"Log.php","line":24,"function":"call_user_func_array"}
{"timestamp":"18:19:47","message":"Invalid controller specified (screenshots)","priority":4,"priorityName":"WARN","uid":null,"file":"Log.php","line":24,"function":"call_user_func_array"}
{"timestamp":"18:19:47","message":"Invalid controller specified (screenshots)","priority":4,"priorityName":"WARN","uid":null,"file":"Log.php","line":24,"function":"call_user_func_array"}
{"timestamp":"18:19:47","message":"Invalid controller specified (screenshots)","priority":4,"priorityName":"WARN","uid":null,"file":"Log.php","line":24,"function":"call_user_func_array"}
{"timestamp":"18:19:47","message":"Invalid controller specified (screenshots)","priority":4,"priorityName":"WARN","uid":null,"file":"Log.php","line":24,"function":"call_user_func_array"}
{"timestamp":"18:19:47","message":"Invalid controller specified (screenshots)","priority":4,"priorityName":"WARN","uid":null,"file":"Log.php","line":24,"function":"call_user_func_array"}
{"timestamp":"18:19:48","message":"Invalid controller specified (screenshots)","priority":4,"priorityName":"WARN","uid":null,"file":"Log.php","line":24,"function":"call_user_func_array"}
{"timestamp":"18:19:48","message":"Invalid controller specified (screenshots)","priority":4,"priorityName":"WARN","uid":null,"file":"Log.php","line":24,"function":"call_user_func_array"}
{"timestamp":"18:19:48","message":"Invalid controller specified (screenshots)","priority":4,"priorityName":"WARN","uid":null,"file":"Log.php","line":24,"function":"call_user_func_array"}
{"timestamp":"18:19:48","message":"Invalid controller specified (screenshots)","priority":4,"priorityName":"WARN","uid":null,"file":"Log.php","line":24,"function":"call_user_func_array"}
{"timestamp":"18:19:48","message":"Invalid controller specified (screenshots)","priority":4,"priorityName":"WARN","uid":null,"file":"Log.php","line":24,"function":"call_user_func_array"}
{"timestamp":"18:19:48","message":"Invalid controller specified (screenshots)","priority":4,"priorityName":"WARN","uid":null,"file":"Log.php","line":24,"function":"call_user_func_array"}
{"timestamp":"18:19:48","message":"Invalid controller specified (screenshots)","priority":4,"priorityName":"WARN","uid":null,"file":"Log.php","line":24,"function":"call_user_func_array"}
{"timestamp":"18:19:48","message":"Invalid controller specified (screenshots)","priority":4,"priorityName":"WARN","uid":null,"file":"Log.php","line":24,"function":"call_user_func_array"}
{"timestamp":"18:19:48","message":"Invalid controller specified (screenshots)","priority":4,"priorityName":"WARN","uid":null,"file":"Log.php","line":24,"function":"call_user_func_array"}
{"timestamp":"18:19:48","message":"Invalid controller specified (screenshots)","priority":4,"priorityName":"WARN","uid":null,"file":"Log.php","line":24,"function":"call_user_func_array"}
{"timestamp":"18:19:48","message":"Invalid controller specified (screenshots)","priority":4,"priorityName":"WARN","uid":null,"file":"Log.php","line":24,"function":"call_user_func_array"}
{"timestamp":"18:19:48","message":"Invalid controller specified (screenshots)","priority":4,"priorityName":"WARN","uid":null,"file":"Log.php","line":24,"function":"call_user_func_array"}
{"timestamp":"18:19:49","message":"Invalid controller specified (screenshots)","priority":4,"priorityName":"WARN","uid":null,"file":"Log.php","line":24,"function":"call_user_func_array"}
{"timestamp":"18:19:49","message":"Invalid controller specified (screenshots)","priority":4,"priorityName":"WARN","uid":null,"file":"Log.php","line":24,"function":"call_user_func_array"}
{"timestamp":"18:19:49","message":"Invalid controller specified (screenshots)","priority":4,"priorityName":"WARN","uid":null,"file":"Log.php","line":24,"function":"call_user_func_array"}
{"timestamp":"18:19:49","message":"Invalid controller specified (screenshots)","priority":4,"priorityName":"WARN","uid":null,"file":"Log.php","line":24,"function":"call_user_func_array"}
{"timestamp":"18:19:49","message":"Invalid controller specified (screenshots)","priority":4,"priorityName":"WARN","uid":null,"file":"Log.php","line":24,"function":"call_user_func_array"}
{"timestamp":"18:19:49","message":"Invalid controller specified (screenshots)","priority":4,"priorityName":"WARN","uid":null,"file":"Log.php","line":24,"function":"call_user_func_array"}
{"timestamp":"18:19:49","message":"Invalid controller specified (screenshots)","priority":4,"priorityName":"WARN","uid":null,"file":"Log.php","line":24,"function":"call_user_func_array"}
{"timestamp":"18:19:49","message":"Invalid controller specified (screenshots)","priority":4,"priorityName":"WARN","uid":null,"file":"Log.php","line":24,"function":"call_user_func_array"}
{"timestamp":"18:19:49","message":"Invalid controller specified (screenshots)","priority":4,"priorityName":"WARN","uid":null,"file":"Log.php","line":24,"function":"call_user_func_array"}
{"timestamp":"18:19:49","message":"Invalid controller specified (screenshots)","priority":4,"priorityName":"WARN","uid":null,"file":"Log.php","line":24,"function":"call_user_func_array"}
{"timestamp":"18:19:49","message":"Invalid controller specified (screenshots)","priority":4,"priorityName":"WARN","uid":null,"file":"Log.php","line":24,"function":"call_user_func_array"}
{"timestamp":"18:19:49","message":"Invalid controller specified (screenshots)","priority":4,"priorityName":"WARN","uid":null,"file":"Log.php","line":24,"function":"call_user_func_array"}
{"timestamp":"18:19:49","message":"Invalid controller specified (screenshots)","priority":4,"priorityName":"WARN","uid":null,"file":"Log.php","line":24,"function":"call_user_func_array"}
{"timestamp":"18:19:50","message":"Invalid controller specified (screenshots)","priority":4,"priorityName":"WARN","uid":null,"file":"Log.php","line":24,"function":"call_user_func_array"}
{"timestamp":"18:19:50","message":"Invalid controller specified (screenshots)","priority":4,"priorityName":"WARN","uid":null,"file":"Log.php","line":24,"function":"call_user_func_array"}
{"timestamp":"18:19:50","message":"Invalid controller specified (profiles)","priority":4,"priorityName":"WARN","uid":null,"file":"Log.php","line":24,"function":"call_user_func_array"}
{"timestamp":"18:19:50","message":"Invalid controller specified (profiles)","priority":4,"priorityName":"WARN","uid":null,"file":"Log.php","line":24,"function":"call_user_func_array"}
{"timestamp":"18:19:50","message":"Invalid controller specified (profiles)","priority":4,"priorityName":"WARN","uid":null,"file":"Log.php","line":24,"function":"call_user_func_array"}
{"timestamp":"18:19:50","message":"Invalid controller specified (profiles)","priority":4,"priorityName":"WARN","uid":null,"file":"Log.php","line":24,"function":"call_user_func_array"}
{"timestamp":"18:19:50","message":"Invalid controller specified (screenshots)","priority":4,"priorityName":"WARN","uid":null,"file":"Log.php","line":24,"function":"call_user_func_array"}
{"timestamp":"18:19:50","message":"Invalid controller specified (screenshots)","priority":4,"priorityName":"WARN","uid":null,"file":"Log.php","line":24,"function":"call_user_func_array"}
