[]
[]
[]
[]
[]
[]
[]
[]
[]
[]
[]
[]
[]
[]
[]
[]
[]
[]
[]
[]
[]
[]
[]
[]
[]
[]
[]
[]
[]
[]
[]
[]
[]
[]
[]
[]
[]
[]
[]
[]
[]
[]
[]
[]
[]
[]
[]
[]
[]
[]
[]
[]
[]
[]
[]
[]
[]
[]
[]
[]
[]
[]
[]
[]
[]
[]
[]
[]
[]
[]
[]
[]
[]
[]
[]
[]
[]
[]
[]
[]
[]
[]
[]
[]
[]
[]
[]
[]
[]
[]
[]
[]
[]
[]
[]
[]
[]
[]
[]
[]
[]
[]
[]
[]
[]
[]
[]
[]
[]
[]
[]
[]
[]
[]
[]
[]
[]
[]
[]
[]
[]
[]
[]
[]
[]
[]
[]
[]
[]
[]
[]
[]
[]
[]
[]
[]
[]
[]
[]
[]
[]
[]
[]
[]
[]
[]
[]
[]
[]
[]
[]
[]
[]
[]
[]
[]
[]
[]
[]
[]
[]
[]
[]
[]
[]
[]
[]
[]
[]
[]
[]
[]
[]
[]
[]
[]
[]
[]
[]
[]
[]
[]
[]
[]
[]
[]
[]
[]
[]
[]
[]
[]
[]
[]
[]
[]
[]
[]
[]
[]
[]
[]
[]
[]
[]
[]
[]
[]
[]
[]
[]
[]
[]
[]
[]
[]
[]
[]
[]
[]
[]
[]
[]
[]
[]
[]
[]
[]
[]
[]
[]
[]
[]
[]
[]
[]
[]
[]
[]
[]
[]
[]
[]
[]
[]
[]
[]
[]
[]
[]
[]
[]
[]
[]
[]
[]
[]
[]
[]
[]
[]
[]
[]
[]
[]
[]
[]
[]
[]
[]
[]
[]
[]
[]
[]
[]
[]
[]
[]
[]
[]
[]
[]
[]
[]
[]
[]
[]
[]
[]
[]
[]
[]
[]
[]
[]
[]
[]
[]
[]
[]
[]
[]
[]
[]
[]
[]
[]
[]
[]
[]
[]
[]
[]
[]
[]
[]
[]
[]
[]
[]
[]
[]
[]
[]
[]
[]
[]
[]
[]
[]
[]
[]
[]
[]
[]
[]
[]
[]
[]
[]
[]
[]
[]
[]
[]
[]
[]
[]
[]
[]
[]
[]
[]
[]
[]
[]
[]
[]
[]
[]
[]
[]
[]
[]
[]
[]
[]
[]
[]
[]
[]
[]
[]
[]
[]
[]
[]
[]
[]
[]
[]
[]
[]
[]
[]
[]
[]
[]
[]
[]
[]
[]
[]
[]
[]
[]
[]
[]
[]
[]
[]
[]
[]
[]
[]
[]
[]
[]
[]
[]
[]
[]
[]
[]
[]
[]
[]
[]
[]
[]
[]
[]
[]
[]
[]
[]
[]
[]
[]
[]
[]
[]
[]
[]
[]
[]
[]
[]
[]
[]
[]
[]
[]
[]
[]
[]
[]
[]
[]
[]
[]
[]
[]
[]
[]
[]
[]
[]
[]
[]
[]
[]
[]
[]
[]
[]
[]
[]
[]
[]
[]
[]
[]
[]
[]
[]
[]
[]
[]
[]
[]
[]
[]
[]
[]
[]
[]
[]
[]
[]
[]
[]
[]
[]
[]
[]
[]
[]
[]
[]
[]
[]
[]
[]
[]
[]
[]
[]
[]
[]
[]
[]
[]
[]
[]
[]
[]
[]
[]
[]
[]
[]
[]
[]
[]
[]
[]
[]
[]
[]
[]
[]
[]
[]
[]
[]
[]
[]
[]
[]
[]
[]
[]
[]
[]
[]
[]
[]
[]
[]
[]
[]
[]
[]
[]
[]
[]
[]
[]
[]
[]
[]
[]
[]
[]
[]
[]
[]
[]
[]
[]
[]
[]
[]
[]
[]
[]
[]
[]
[]
[]
[]
[]
[]
[]
[]
[]
[]
[]
[]
[]
[]
[]
[]
[]
[]
[]
[]
[]
[]
[]
[]
[]
[]
[]
[]
[]
[]
[]
[]
[]
[]
[]
[]
[]
[]
[]
[]
[]
[]
[]
[]
[]
[]
[]
[]
[]
[]
[]
[]
[]
[]
[]
[]
[]
[]
[]
[]
[]
[]
[]
[]
[]
[]
[]
[]
[]
[]
[]
[]
[]
[]
[]
[]
[]
[]
[]
[]
[]
[]
[]
[]
[]
[]
[]
[]
[]
[]
[]
[]
[]
[]
[]
[]
[]
[]
[]
[]
[]
[]
[]
[]
[]
[]
[]
[]
[]
[]
[]
[]
[]
[]
[]
[]
[]
[]
[]
[]
[]
[]
[]
[]
[]
[]
[]
[]
[]
[]
[]
[]
[]
[]
[]
[]
[]
[]
[]
[]
[]
[]
[]
[]
[]
[]
[]
[]
[]
[]
[]
[]
[]
[]
[]
[]
[]
[]
[]
[]
[]
[]
[]
[]
[]
[]
[]
[]
[]
[]
[]
[]
[]
[]
[]
[]
[]
[]
[]
[]
[]
[]
[]
[]
[]
[]
[]
[]
[]
[]
[]
[]
[]
[]
[]
[]
[]
[]
[]
[]
[]
[]
[]
[]
[]
[]
[]
[]
[]
[]
[]
[]
[]
[]
[]
[]
[]
[]
[]
[]
[]
[]
[]
[]
[]
[]
[]
[]
[]
[]
[]
[]
[]
[]
[]
[]
[]
[]
[]
[]
[]
[]
[]
[]
[]
[]
[]
[]
[]
[]
[]
[]
[]
[]
[]
[]
[]
[]
[]
[]
[]
[]
[]
[]
[]
[]
[]
[]
[]
[]
[]
[]
[]
[]
[]
[]
[]
[]
[]
[]
[]
[]
[]
[]
[]
[]
[]
[]
[]
[]
[]
[]
[]
[]
[]
[]
[]
[]
[]
[]
[]
[]
[]
[]
[]
[]
[]
[]
[]
[]
[]
[]
[]
[]
[]
[]
[]
[]
[]
[]
[]
[]
[]
[]
[]
[]
[]
[]
[]
[]
[]
[]
[]
[]
[]
[]
[]
[]
[]
[]
[]
[]
[]
[]
[]
[]
[]
[]
[]
[]
[]
[]
[]
[]
[]
[]
[]
[]
[]
[]
[]
[]
[]
[]
[]
[]
[]
[]
[]
[]
[]
[]
[]
[]
[]
[]
[]
[]
[]
[]
[]
[]
[]
[]
[]
[]
[]
[]
[]
[]
[]
[]
[]
[]
[]
[]
[]
[]
[]
[]
[]
[]
[]
[]
[]
[]
[]
[]
[]
[]
[]
[]
[]
[]
[]
[]
[]
[]
[]
[]
[]
[]
[]
[]
[]
[]
[]
[]
[]
[]
[]
[]
[]
[]
[]
[]
[]
[]
[]
[]
[]
[]
[]
[]
[]
[]
[]
[]
[]
[]
[]
[]
[]
[]
[]
[]
[]
[]
[]
[]
[]
[]
[]
[]
[]
[]
[]
[]
[]
[]
[]
[]
[]
[]
[]
[]
[]
[]
[]
[]
[]
[]
[]
[]
[]
[]
[]
[]
[]
[]
[]
[]
[]
[]
[]
[]
[]
[]
[]
[]
[]
[]
[]
[]
[]
[]
[]
[]
[]
[]
[]
[]
[]
[]
[]
[]
[]
[]
[]
[]
[]
[]
[]
[]
[]
[]
[]
[]
[]
[]
[]
[]
[]
[]
[]
[]
[]
[]
[]
[]
[]
[]
[]
[]
[]
[]
[]
[]
[]
[]
[]
[]
[]
[]
[]
[]
[]
[]
[]
[]
[]
[]
[]
[]
[]
[]
[]
[]
[]
[]
[]
[]
[]
[]
[]
[]
[]
[]
[]
[]
[]
[]
[]
[]
[]
[]
[]
[]
[]
[]
[]
[]
[]
[]
[]
[]
[]
[]
[]
[]
[]
[]
[]
[]
[]
[]
[]
[]
[]
[]
[]
[]
[]
[]
[]
[]
[]
[]
[]
[]
[]
[]
[]
[]
[]
[]
[]
[]
[]
[]
[]
[]
[]
[]
[]
[]
[]
[]
[]
[]
[]
[]
[]
[]
[]
[]
[]
[]
[]
[]
[]
[]
[]
[]
[]
[]
[]
[]
[]
[]
[]
[]
[]
[]
[]
[]
[]
[]
[]
[]
[]
[]
[]
[]
[]
[]
[]
[]
[]
[]
[]
[]
[]
[]
[]
[]
[]
[]
[]
[]
[]
[]
[]
[]
[]
[]
[]
[]
[]
[]
[]
[]
[]
[]
[]
[]
[]
[]
[]
[]
[]
[]
[]
[]
[]
[]
[]
[]
[]
[]
[]
[]
[]
[]
[]
[]
[]
[]
[]
[]
[]
[]
[]
[]
[]
[]
[]
[]
[]
[]
[]
[]
[]
[]
[]
[]
[]
[]
[]
[]
[]
[]
[]
[]
[]
[]
[]
[]
[]
[]
[]
[]
[]
[]
[]
[]
[]
[]
[]
[]
[]
[]
[]
[]
[]
[]
[]
[]
[]
[]
[]
[]
[]
[]
[]
[]
[]
[]
[]
[]
[]
[]
[]
[]
[]
[]
[]
[]
[]
[]
[]
[]
[]
[]
[]
[]
[]
[]
[]
[]
[]
[]
[]
[]
[]
[]
[]
[]
[]
[]
[]
[]
[]
[]
[]
[]
[]
[]
[]
[]
[]
[]
[]
[]
[]
[]
[]
[]
[]
[]
[]
[]
[]
[]
[]
[]
[]
[]
[]
[]
[]
[]
[]
[]
[]
[]
[]
[]
[]
[]
[]
[]
[]
[]
[]
[]
[]
[]
[]
[]
{"m":"Invalid controller specified (screenshots)","p":"WARN"}
{"m":"Invalid controller specified (screenshots)","p":"WARN"}
{"t":"18:11:17","p":"WARN","m":"Invalid controller specified (screenshots)"}
{"t":"18:12:16","p":"WARN","m":"Need to pass in a previously authenticated Rackspace_Authentication instance."}
18:13:47|WARN|Log.php|24|call_user_func_array|Need to pass in a previously authenticated Rackspace_Authentication instance.
18:14:37|WARN|Log.php|24|call_user_func_array|Need to pass in a previously authenticated Rackspace_Authentication instance.
18:15:18|WARN|Log.php|24|call_user_func_array|Need to pass in a previously authenticated Rackspace_Authentication instance.
18:15:26|WARN|Log.php|24|call_user_func_array|Need to pass in a previously authenticated Rackspace_Authentication instance.
18:15:50|WARN|Log.php|24|call_user_func_array|Need to pass in a previously authenticated Rackspace_Authentication instance.
18:16:56|WARN|Log.php|24|call_user_func_array|Need to pass in a previously authenticated Rackspace_Authentication instance.
18:18:50|WARN|Action.php|516|Main_ErrorController->errorAction|Need to pass in a previously authenticated Rackspace_Authentication instance.
18:20:50|WARN|Action.php|516|Main_ErrorController->errorAction|Need to pass in a previously authenticated Rackspace_Authentication instance.
18:21:31|WARN|ErrorController.php|26|Helper_Log::warn|Need to pass in a previously authenticated Rackspace_Authentication instance.
18:21:54|WARN|Standard.php|295|Zend_Controller_Action->dispatch|Need to pass in a previously authenticated Rackspace_Authentication instance.
18:22:19|WARN|Front.php|954|Zend_Controller_Dispatcher_Standard->dispatch|Need to pass in a previously authenticated Rackspace_Authentication instance.
18:23:14|WARN|Front.php|954|Zend_Controller_Dispatcher_Standard->dispatch|Need to pass in a previously authenticated Rackspace_Authentication instance.
18:23:35|WARN|Front.php|954|Zend_Controller_Dispatcher_Standard->dispatch|Need to pass in a previously authenticated Rackspace_Authentication instance.
18:24:54|WARN|Front.php|954|Zend_Controller_Dispatcher_Standard->dispatch|Need to pass in a previously authenticated Rackspace_Authentication instance.
18:25:25|WARN|Bootstrap.php|97|Zend_Controller_Front->dispatch|Need to pass in a previously authenticated Rackspace_Authentication instance.
18:26:28|ERR|Action.php|516|Main_MediaController->indexAction|Need to pass in a previously authenticated Rackspace_Authentication instance.
18:27:14|ERR|Action.php|516|Main_MediaController->indexAction|Need to pass in a previously authenticated Rackspace_Authentication instance.
18:27:38|ERR|Action.php|516|Main_MediaController->indexAction|Need to pass in a previously authenticated Rackspace_Authentication instance.
18:28:18|ERR|Action.php|516|Main_MediaController->indexAction|Need to pass in a previously authenticated Rackspace_Authentication instance.
18:29:32|ERR|Action.php|516|Main_MediaController->indexAction|No such object 'ms590.114.gif'
18:31:10|ERR|Action.php|516|Main_MediaController->indexAction|No such object 'ms1884.114.gif'
18:31:11|ERR|Action.php|516|Main_MediaController->indexAction|No such object 'ms1143.114.gif'
18:31:12|ERR|Action.php|516|Main_MediaController->indexAction|No such object 'ms2074.114.gif'
18:31:13|ERR|Action.php|516|Main_MediaController->indexAction|No such object 'ms949.114.gif'
18:31:17|ERR|Action.php|516|Main_MediaController->indexAction|No such object 'ms1960.114.gif'
18:31:19|ERR|Action.php|516|Main_MediaController->indexAction|No such object 'ms789.114.gif'
18:31:20|ERR|Action.php|516|Main_MediaController->indexAction|No such object 'ms1432.114.gif'
18:31:21|ERR|Action.php|516|Main_MediaController->indexAction|No such object 'ms1889.114.gif'
18:31:23|ERR|Action.php|516|Main_MediaController->indexAction|No such object 'ms590.114.gif'
18:31:24|ERR|Action.php|516|Main_MediaController->indexAction|No such object 'ms1269.114.gif'
18:31:25|ERR|Action.php|516|Main_MediaController->indexAction|No such object 'ms2392.114.gif'
18:31:26|ERR|Action.php|516|Main_MediaController->indexAction|No such object 'ms2122.114.gif'
18:31:37|ERR|Action.php|516|Main_MediaController->indexAction|No such object 'ms2068.114.gif'
18:31:38|ERR|Action.php|516|Main_MediaController->indexAction|No such object 'ms1301.114.gif'
18:31:39|ERR|Action.php|516|Main_MediaController->indexAction|No such object 'ms2112.114.gif'
18:31:41|ERR|Action.php|516|Main_MediaController->indexAction|No such object 'ms1286.114.gif'
18:31:42|ERR|Action.php|516|Main_MediaController->indexAction|No such object 'ms2161.114.gif'
18:31:43|ERR|Action.php|516|Main_MediaController->indexAction|No such object 'ms1087.114.gif'
18:31:45|ERR|Action.php|516|Main_MediaController->indexAction|No such object 'ms1385.114.gif'
18:31:46|ERR|Action.php|516|Main_MediaController->indexAction|No such object 'ms2398.114.gif'
18:31:47|ERR|Action.php|516|Main_MediaController->indexAction|No such object 'ms1758.114.gif'
18:31:48|ERR|Action.php|516|Main_MediaController->indexAction|No such object 'ms1146.114.gif'
18:31:49|ERR|Action.php|516|Main_MediaController->indexAction|No such object 'ms1299.114.gif'
18:31:51|ERR|Action.php|516|Main_MediaController->indexAction|No such object 'ms1682.114.gif'
18:31:54|ERR|Action.php|516|Main_MediaController->indexAction|No such object 'ms998.114.gif'
18:31:59|ERR|Action.php|516|Main_MediaController->indexAction|No such object 'ms1027.114.gif'
18:32:00|ERR|Action.php|516|Main_MediaController->indexAction|No such object 'ms1405.114.gif'
18:32:21|ERR|Action.php|516|Main_MediaController->indexAction|No such object 'ms1281.114.gif'
18:32:25|ERR|Action.php|516|Main_MediaController->indexAction|No such object 'ms2402.114.gif'
18:32:26|ERR|Action.php|516|Main_MediaController->indexAction|No such object 'ms2082.114.gif'
18:32:27|ERR|Action.php|516|Main_MediaController->indexAction|No such object 'ms1944.114.gif'
18:32:29|ERR|Action.php|516|Main_MediaController->indexAction|No such object 'ms2141.114.gif'
18:32:30|ERR|Action.php|516|Main_MediaController->indexAction|No such object 'ms1886.114.gif'
18:32:31|ERR|Action.php|516|Main_MediaController->indexAction|No such object 'ms2016.114.gif'
18:32:32|ERR|Action.php|516|Main_MediaController->indexAction|No such object 'ms1935.114.gif'
18:32:33|ERR|Action.php|516|Main_MediaController->indexAction|No such object 'ms1691.114.gif'
18:32:34|ERR|Action.php|516|Main_MediaController->indexAction|No such object 'ms2126.50.gif'
18:32:35|ERR|Action.php|516|Main_MediaController->indexAction|No such object 'ms1833.50.gif'
18:32:37|ERR|Action.php|516|Main_MediaController->indexAction|No such object 'ms1131.50.gif'
18:32:38|ERR|Action.php|516|Main_MediaController->indexAction|No such object 'ms2180.50.gif'
18:32:39|ERR|Action.php|516|Main_MediaController->indexAction|No such object 'ms2112.50.gif'
18:32:40|ERR|Action.php|516|Main_MediaController->indexAction|No such object 'gs1980.50.gif'
18:32:41|ERR|Action.php|516|Main_MediaController->indexAction|No such object 'gs1966.50.gif'
18:32:45|ERR|Action.php|516|Main_MediaController->indexAction|No such object 'gs1920.50.gif'
18:32:46|ERR|Action.php|516|Main_MediaController->indexAction|No such object 'gs1828.50.gif'
18:32:51|ERR|Action.php|516|Main_MediaController->indexAction|No such object 'gs1123.50.gif'
18:32:53|ERR|Action.php|516|Main_MediaController->indexAction|No such object 'pa3.16.gif'
18:32:54|ERR|Action.php|516|Main_MediaController->indexAction|No such object 'pa6948.16.gif'
18:32:55|ERR|Action.php|516|Main_MediaController->indexAction|No such object 'pa1449.16.gif'
18:33:00|ERR|Action.php|516|Main_MediaController->indexAction|No such object 'pa0.16.gif'
18:33:04|ERR|Action.php|516|Main_MediaController->indexAction|No such object 'ms1884.114.gif'
18:33:39|ERR|Action.php|516|Main_MediaController->indexAction|No such object 'ms.'
18:33:43|ERR|Action.php|516|Main_MediaController->indexAction|No such object 'ms.'
18:33:54|ERR|Action.php|516|Main_MediaController->indexAction|Invalid response: (curl error: 6) name lookup timed out: Failed to obtain valid HTTP response.
18:33:58|ERR|Action.php|516|Main_MediaController->indexAction|No such object 'ms.'
18:34:03|ERR|Action.php|516|Main_MediaController->indexAction|No such object 'ms.'
18:34:07|ERR|Action.php|516|Main_MediaController->indexAction|No such object 'ms.'
18:34:12|ERR|Action.php|516|Main_MediaController->indexAction|No such object 'ms.'
18:34:16|ERR|Action.php|516|Main_MediaController->indexAction|No such object 'ms.'
18:34:21|ERR|Action.php|516|Main_MediaController->indexAction|No such object 'ms.'
18:35:32|ERR|Action.php|516|Main_MediaController->indexAction|No such object 'ms1284.gif'
18:39:53|ERR|Action.php|516|Main_MediaController->indexAction|No such object 'ms1898.gif'
18:39:54|ERR|Action.php|516|Main_MediaController->indexAction|No such object 'ms1333.gif'
18:39:56|ERR|Action.php|516|Main_MediaController->indexAction|No such object 'ms1250.gif'
18:39:58|ERR|Action.php|516|Main_MediaController->indexAction|No such object 'ms1237.gif'
18:40:02|ERR|Action.php|516|Main_MediaController->indexAction|No such object 'ms151.gif'
18:40:22|ERR|Action.php|516|Main_MediaController->indexAction|No such object 'ms1453.gif'
18:40:23|ERR|Action.php|516|Main_MediaController->indexAction|No such object 'ms1901.gif'
18:40:24|ERR|Action.php|516|Main_MediaController->indexAction|No such object 'ms932.gif'
18:40:26|ERR|Action.php|516|Main_MediaController->indexAction|No such object 'ms1113.gif'
18:40:27|ERR|Action.php|516|Main_MediaController->indexAction|No such object 'ms2023.gif'
18:40:28|ERR|Action.php|516|Main_MediaController->indexAction|No such object 'ms649.gif'
18:41:53|ERR|Action.php|516|Main_MediaController->indexAction|No such object 'ms2053.gif'
18:41:54|ERR|Action.php|516|Main_MediaController->indexAction|No such object 'ms1221.gif'
18:41:55|ERR|Action.php|516|Main_MediaController->indexAction|No such object 'ms1933.gif'
18:41:57|ERR|Action.php|516|Main_MediaController->indexAction|No such object 'ms1902.gif'
18:41:58|ERR|Action.php|516|Main_MediaController->indexAction|No such object 'ms1317.gif'
18:41:59|ERR|Action.php|516|Main_MediaController->indexAction|No such object 'ms1974.gif'
18:42:01|ERR|Action.php|516|Main_MediaController->indexAction|No such object 'ms2077.gif'
18:42:02|ERR|Action.php|516|Main_MediaController->indexAction|No such object 'ms2007.gif'
18:42:03|ERR|Action.php|516|Main_MediaController->indexAction|No such object 'ms1389.gif'
18:42:12|ERR|Action.php|516|Main_MediaController->indexAction|No such object 'ms1914.gif'
18:42:13|ERR|Action.php|516|Main_MediaController->indexAction|No such object 'ms1131.gif'
18:42:15|ERR|Action.php|516|Main_MediaController->indexAction|No such object 'ms1133.gif'
18:42:16|ERR|Action.php|516|Main_MediaController->indexAction|No such object 'ms1287.gif'
18:42:18|ERR|Action.php|516|Main_MediaController->indexAction|No such object 'ms1308.gif'
18:42:22|ERR|Action.php|516|Main_MediaController->indexAction|No such object 'ms1872.gif'
18:42:23|ERR|Action.php|516|Main_MediaController->indexAction|No such object 'ms1087.gif'
18:42:25|ERR|Action.php|516|Main_MediaController->indexAction|No such object 'ms1268.gif'
18:42:29|ERR|Action.php|516|Main_MediaController->indexAction|No such object 'ms1107.gif'
18:42:46|ERR|Action.php|516|Main_MediaController->indexAction|No such object 'ms2106.gif'
18:42:47|ERR|Action.php|516|Main_MediaController->indexAction|No such object 'ms2402.gif'
18:42:48|ERR|Action.php|516|Main_MediaController->indexAction|No such object 'ms2138.gif'
18:42:50|ERR|Action.php|516|Main_MediaController->indexAction|No such object 'ms1905.gif'
18:42:51|ERR|Action.php|516|Main_MediaController->indexAction|No such object 'ms1298.gif'
18:42:52|ERR|Action.php|516|Main_MediaController->indexAction|No such object 'ms1135.gif'
18:42:53|ERR|Action.php|516|Main_MediaController->indexAction|No such object 'ms1352.gif'
18:42:55|ERR|Action.php|516|Main_MediaController->indexAction|No such object 'ms1473.gif'
18:43:15|ERR|Action.php|516|Main_MediaController->indexAction|No such object 'ms1050.gif'
18:43:17|ERR|Action.php|516|Main_MediaController->indexAction|No such object 'ms2081.gif'
18:43:18|ERR|Action.php|516|Main_MediaController->indexAction|No such object 'ms2395.gif'
18:43:19|ERR|Action.php|516|Main_MediaController->indexAction|No such object 'ms964.gif'
18:43:20|ERR|Action.php|516|Main_MediaController->indexAction|No such object 'ms1137.gif'
18:43:22|ERR|Action.php|516|Main_MediaController->indexAction|No such object 'ms125.gif'
18:43:26|ERR|Action.php|516|Main_MediaController->indexAction|No such object 'ms1691.gif'
18:43:27|ERR|Action.php|516|Main_MediaController->indexAction|No such object 'ms1264.gif'
18:43:28|ERR|Action.php|516|Main_MediaController->indexAction|No such object 'ms1756.gif'
18:43:29|ERR|Action.php|516|Main_MediaController->indexAction|No such object 'ms1411.gif'
18:43:30|ERR|Action.php|516|Main_MediaController->indexAction|No such object 'ms2126.gif'
18:43:32|ERR|Action.php|516|Main_MediaController->indexAction|No such object 'ms1833.gif'
18:43:33|ERR|Action.php|516|Main_MediaController->indexAction|No such object 'ms1131.gif'
18:43:34|ERR|Action.php|516|Main_MediaController->indexAction|No such object 'ms2180.gif'
18:43:39|ERR|Action.php|516|Main_MediaController->indexAction|No such object 'ms2112.gif'
18:43:40|NOTICE|Action.php|516|Main_MediaController->indexAction|Undefined property: Rackspace_Object::$content
18:43:40|NOTICE|Action.php|516|Main_MediaController->indexAction|Use of undefined constant type - assumed 'type'
18:43:40|NOTICE|Action.php|516|Main_MediaController->indexAction|Undefined variable: doc
18:43:41|NOTICE|Action.php|516|Main_MediaController->indexAction|Undefined property: Rackspace_Object::$content
18:43:41|NOTICE|Action.php|516|Main_MediaController->indexAction|Use of undefined constant type - assumed 'type'
18:43:41|NOTICE|Action.php|516|Main_MediaController->indexAction|Undefined variable: doc
18:43:42|NOTICE|Action.php|516|Main_MediaController->indexAction|Undefined property: Rackspace_Object::$content
18:43:42|NOTICE|Action.php|516|Main_MediaController->indexAction|Use of undefined constant type - assumed 'type'
18:43:42|NOTICE|Action.php|516|Main_MediaController->indexAction|Undefined variable: doc
18:43:44|NOTICE|Action.php|516|Main_MediaController->indexAction|Undefined property: Rackspace_Object::$content
18:43:44|NOTICE|Action.php|516|Main_MediaController->indexAction|Use of undefined constant type - assumed 'type'
18:43:44|NOTICE|Action.php|516|Main_MediaController->indexAction|Undefined variable: doc
18:43:48|NOTICE|Action.php|516|Main_MediaController->indexAction|Undefined property: Rackspace_Object::$content
18:43:48|NOTICE|Action.php|516|Main_MediaController->indexAction|Use of undefined constant type - assumed 'type'
18:43:48|NOTICE|Action.php|516|Main_MediaController->indexAction|Undefined variable: doc
18:43:49|ERR|Action.php|516|Main_MediaController->indexAction|No such object 'pa3.gif'
18:43:50|ERR|Action.php|516|Main_MediaController->indexAction|No such object 'pa6948.gif'
18:43:51|ERR|Action.php|516|Main_MediaController->indexAction|No such object 'pa1449.gif'
18:43:52|ERR|Action.php|516|Main_MediaController->indexAction|No such object 'pa0.gif'
18:43:56|ERR|Action.php|516|Main_MediaController->indexAction|No such object 'ms1933.gif'
18:43:57|ERR|Action.php|516|Main_MediaController->indexAction|No such object 'ms2053.gif'
18:43:58|ERR|Action.php|516|Main_MediaController->indexAction|No such object 'ms1389.gif'
18:53:17|ERR|Action.php|516|Main_MediaController->indexAction|No such object 'ms1317.gif'
18:53:18|ERR|Action.php|516|Main_MediaController->indexAction|No such object 'ms2077.gif'
18:53:20|ERR|Action.php|516|Main_MediaController->indexAction|No such object 'ms2007.gif'
18:57:00|ERR|Action.php|516|Main_MediaController->indexAction|No such object 'ms1287.gif'
18:57:01|ERR|Action.php|516|Main_MediaController->indexAction|No such object 'ms1897.gif'
18:57:02|ERR|Action.php|516|Main_MediaController->indexAction|No such object 'ms2015.gif'
18:57:05|ERR|Action.php|516|Main_MediaController->indexAction|No such object 'ms1155.gif'
18:57:25|ERR|Action.php|516|Main_MediaController->indexAction|No such object 'ms769.gif'
18:57:26|ERR|Action.php|516|Main_MediaController->indexAction|No such object 'ms1998.gif'
18:57:27|ERR|Action.php|516|Main_MediaController->indexAction|No such object 'ms683.gif'
18:57:28|ERR|Action.php|516|Main_MediaController->indexAction|No such object 'ms1905.gif'
18:57:45|ERR|Action.php|516|Main_MediaController->indexAction|No such object 'ms2006.gif'
18:57:46|ERR|Action.php|516|Main_MediaController->indexAction|No such object 'ms1346.gif'
18:57:48|ERR|Action.php|516|Main_MediaController->indexAction|No such object 'ms1758.gif'
18:57:48|WARN|Action.php|516|Main_ErrorController->errorAction|Invalid controller specified (screenshots)
18:57:48|WARN|Action.php|516|Main_ErrorController->errorAction|Invalid controller specified (screenshots)
18:57:49|WARN|Action.php|516|Main_ErrorController->errorAction|Invalid controller specified (screenshots)
18:57:49|WARN|Action.php|516|Main_ErrorController->errorAction|Invalid controller specified (screenshots)
18:57:49|WARN|Action.php|516|Main_ErrorController->errorAction|Invalid controller specified (screenshots)
18:57:49|WARN|Action.php|516|Main_ErrorController->errorAction|Invalid controller specified (screenshots)
18:57:49|WARN|Action.php|516|Main_ErrorController->errorAction|Invalid controller specified (screenshots)
18:57:49|WARN|Action.php|516|Main_ErrorController->errorAction|Invalid controller specified (screenshots)
18:57:49|WARN|Action.php|516|Main_ErrorController->errorAction|Invalid controller specified (screenshots)
18:57:49|WARN|Action.php|516|Main_ErrorController->errorAction|Invalid controller specified (screenshots)
18:57:49|WARN|Action.php|516|Main_ErrorController->errorAction|Invalid controller specified (screenshots)
18:57:49|WARN|Action.php|516|Main_ErrorController->errorAction|Invalid controller specified (screenshots)
18:57:49|WARN|Action.php|516|Main_ErrorController->errorAction|Invalid controller specified (screenshots)
18:57:50|WARN|Action.php|516|Main_ErrorController->errorAction|Invalid controller specified (screenshots)
18:57:50|WARN|Action.php|516|Main_ErrorController->errorAction|Invalid controller specified (screenshots)
18:57:50|WARN|Action.php|516|Main_ErrorController->errorAction|Invalid controller specified (screenshots)
18:57:50|WARN|Action.php|516|Main_ErrorController->errorAction|Invalid controller specified (screenshots)
18:57:50|WARN|Action.php|516|Main_ErrorController->errorAction|Invalid controller specified (screenshots)
18:57:50|WARN|Action.php|516|Main_ErrorController->errorAction|Invalid controller specified (screenshots)
18:57:50|WARN|Action.php|516|Main_ErrorController->errorAction|Invalid controller specified (screenshots)
18:57:50|WARN|Action.php|516|Main_ErrorController->errorAction|Invalid controller specified (screenshots)
18:57:50|WARN|Action.php|516|Main_ErrorController->errorAction|Invalid controller specified (screenshots)
18:57:50|WARN|Action.php|516|Main_ErrorController->errorAction|Invalid controller specified (screenshots)
18:57:50|WARN|Action.php|516|Main_ErrorController->errorAction|Invalid controller specified (screenshots)
18:57:51|WARN|Action.php|516|Main_ErrorController->errorAction|Invalid controller specified (screenshots)
18:57:51|WARN|Action.php|516|Main_ErrorController->errorAction|Invalid controller specified (screenshots)
18:57:51|WARN|Action.php|516|Main_ErrorController->errorAction|Invalid controller specified (screenshots)
18:57:51|WARN|Action.php|516|Main_ErrorController->errorAction|Invalid controller specified (screenshots)
18:57:51|WARN|Action.php|516|Main_ErrorController->errorAction|Invalid controller specified (screenshots)
18:57:51|WARN|Action.php|516|Main_ErrorController->errorAction|Invalid controller specified (screenshots)
18:57:51|WARN|Action.php|516|Main_ErrorController->errorAction|Invalid controller specified (screenshots)
18:57:51|WARN|Action.php|516|Main_ErrorController->errorAction|Invalid controller specified (screenshots)
18:57:51|WARN|Action.php|516|Main_ErrorController->errorAction|Invalid controller specified (screenshots)
18:57:51|WARN|Action.php|516|Main_ErrorController->errorAction|Invalid controller specified (screenshots)
18:57:51|WARN|Action.php|516|Main_ErrorController->errorAction|Invalid controller specified (screenshots)
18:57:52|NOTICE|Action.php|516|Main_MediaController->indexAction|Undefined offset: 2
18:57:53|ERR|Action.php|516|Main_MediaController->indexAction|No such object 'p3.'
18:57:53|NOTICE|Action.php|516|Main_MediaController->indexAction|Undefined offset: 2
18:57:54|ERR|Action.php|516|Main_MediaController->indexAction|No such object 'p6948.'
18:57:54|NOTICE|Action.php|516|Main_MediaController->indexAction|Undefined offset: 2
18:58:05|ERR|Action.php|516|Main_MediaController->indexAction|No such object 'p1449.'
18:58:06|NOTICE|Action.php|516|Main_MediaController->indexAction|Undefined offset: 2
18:58:06|ERR|Action.php|516|Main_MediaController->indexAction|No such object 'p0.'
18:58:31|WARN|Action.php|516|Main_ErrorController->errorAction|Invalid controller specified (screenshots)
18:58:31|WARN|Action.php|516|Main_ErrorController->errorAction|Invalid controller specified (screenshots)
18:58:31|WARN|Action.php|516|Main_ErrorController->errorAction|Invalid controller specified (screenshots)
18:58:31|WARN|Action.php|516|Main_ErrorController->errorAction|Invalid controller specified (screenshots)
18:58:31|WARN|Action.php|516|Main_ErrorController->errorAction|Invalid controller specified (screenshots)
18:58:31|WARN|Action.php|516|Main_ErrorController->errorAction|Invalid controller specified (screenshots)
18:58:31|WARN|Action.php|516|Main_ErrorController->errorAction|Invalid controller specified (screenshots)
18:58:31|WARN|Action.php|516|Main_ErrorController->errorAction|Invalid controller specified (screenshots)
18:58:31|WARN|Action.php|516|Main_ErrorController->errorAction|Invalid controller specified (screenshots)
18:58:32|WARN|Action.php|516|Main_ErrorController->errorAction|Invalid controller specified (screenshots)
18:58:32|WARN|Action.php|516|Main_ErrorController->errorAction|Invalid controller specified (screenshots)
18:58:32|WARN|Action.php|516|Main_ErrorController->errorAction|Invalid controller specified (screenshots)
18:58:32|WARN|Action.php|516|Main_ErrorController->errorAction|Invalid controller specified (screenshots)
18:58:32|WARN|Action.php|516|Main_ErrorController->errorAction|Invalid controller specified (screenshots)
18:58:32|WARN|Action.php|516|Main_ErrorController->errorAction|Invalid controller specified (screenshots)
18:58:32|WARN|Action.php|516|Main_ErrorController->errorAction|Invalid controller specified (screenshots)
18:58:32|WARN|Action.php|516|Main_ErrorController->errorAction|Invalid controller specified (screenshots)
18:58:32|WARN|Action.php|516|Main_ErrorController->errorAction|Invalid controller specified (screenshots)
18:58:32|WARN|Action.php|516|Main_ErrorController->errorAction|Invalid controller specified (screenshots)
18:58:33|WARN|Action.php|516|Main_ErrorController->errorAction|Invalid controller specified (screenshots)
18:58:33|WARN|Action.php|516|Main_ErrorController->errorAction|Invalid controller specified (screenshots)
18:58:33|WARN|Action.php|516|Main_ErrorController->errorAction|Invalid controller specified (screenshots)
18:58:33|WARN|Action.php|516|Main_ErrorController->errorAction|Invalid controller specified (screenshots)
18:58:33|WARN|Action.php|516|Main_ErrorController->errorAction|Invalid controller specified (screenshots)
18:58:33|WARN|Action.php|516|Main_ErrorController->errorAction|Invalid controller specified (screenshots)
18:58:33|WARN|Action.php|516|Main_ErrorController->errorAction|Invalid controller specified (screenshots)
18:58:33|WARN|Action.php|516|Main_ErrorController->errorAction|Invalid controller specified (screenshots)
18:58:33|WARN|Action.php|516|Main_ErrorController->errorAction|Invalid controller specified (screenshots)
18:58:33|WARN|Action.php|516|Main_ErrorController->errorAction|Invalid controller specified (screenshots)
18:58:34|WARN|Action.php|516|Main_ErrorController->errorAction|Invalid controller specified (screenshots)
18:58:34|WARN|Action.php|516|Main_ErrorController->errorAction|Invalid controller specified (screenshots)
18:58:34|WARN|Action.php|516|Main_ErrorController->errorAction|Invalid controller specified (screenshots)
18:58:34|WARN|Action.php|516|Main_ErrorController->errorAction|Invalid controller specified (screenshots)
18:58:34|WARN|Action.php|516|Main_ErrorController->errorAction|Invalid controller specified (screenshots)
18:58:34|WARN|Action.php|516|Main_ErrorController->errorAction|Invalid controller specified (screenshots)
18:58:34|WARN|Action.php|516|Main_ErrorController->errorAction|Invalid controller specified (screenshots)
18:58:34|WARN|Action.php|516|Main_ErrorController->errorAction|Invalid controller specified (screenshots)
18:58:34|WARN|Action.php|516|Main_ErrorController->errorAction|Invalid controller specified (screenshots)
18:58:34|WARN|Action.php|516|Main_ErrorController->errorAction|Invalid controller specified (screenshots)
18:58:34|WARN|Action.php|516|Main_ErrorController->errorAction|Invalid controller specified (screenshots)
18:58:35|WARN|Action.php|516|Main_ErrorController->errorAction|Invalid controller specified (screenshots)
18:58:35|WARN|Action.php|516|Main_ErrorController->errorAction|Invalid controller specified (screenshots)
18:58:35|WARN|Action.php|516|Main_ErrorController->errorAction|Invalid controller specified (screenshots)
18:58:35|WARN|Action.php|516|Main_ErrorController->errorAction|Invalid controller specified (screenshots)
18:58:35|WARN|Action.php|516|Main_ErrorController->errorAction|Invalid controller specified (screenshots)
18:58:35|WARN|Action.php|516|Main_ErrorController->errorAction|Invalid controller specified (screenshots)
18:58:37|ERR|Action.php|516|Main_MediaController->indexAction|No such object '3.gif'
18:58:38|ERR|Action.php|516|Main_MediaController->indexAction|No such object '6948.gif'
18:58:39|NOTICE|Action.php|516|Main_MediaController->indexAction|Undefined property: Rackspace_Object::$content
18:58:39|NOTICE|Action.php|516|Main_MediaController->indexAction|Use of undefined constant type - assumed 'type'
18:58:39|NOTICE|Action.php|516|Main_MediaController->indexAction|Undefined variable: doc
18:58:43|ERR|Action.php|516|Main_MediaController->indexAction|No such object '0.gif'
18:58:44|NOTICE|Action.php|516|Main_MediaController->indexAction|Undefined property: Rackspace_Object::$content
18:58:44|NOTICE|Action.php|516|Main_MediaController->indexAction|Use of undefined constant type - assumed 'type'
18:58:44|NOTICE|Action.php|516|Main_MediaController->indexAction|Undefined variable: doc
18:59:44|NOTICE|Action.php|516|Main_MediaController->indexAction|Undefined property: Rackspace_Object::$content
18:59:44|NOTICE|Action.php|516|Main_MediaController->indexAction|Use of undefined constant type - assumed 'type'
18:59:44|NOTICE|Action.php|516|Main_MediaController->indexAction|Undefined variable: doc
19:00:15|NOTICE|Action.php|516|Main_MediaController->indexAction|Undefined variable: doc
19:01:05|WARN|Action.php|516|Main_ErrorController->errorAction|Invalid controller specified (screenshots)
19:01:05|WARN|Action.php|516|Main_ErrorController->errorAction|Invalid controller specified (screenshots)
19:01:05|WARN|Action.php|516|Main_ErrorController->errorAction|Invalid controller specified (screenshots)
19:01:05|WARN|Action.php|516|Main_ErrorController->errorAction|Invalid controller specified (screenshots)
19:01:05|WARN|Action.php|516|Main_ErrorController->errorAction|Invalid controller specified (screenshots)
19:01:05|WARN|Action.php|516|Main_ErrorController->errorAction|Invalid controller specified (screenshots)
19:01:06|WARN|Action.php|516|Main_ErrorController->errorAction|Invalid controller specified (screenshots)
19:01:06|WARN|Action.php|516|Main_ErrorController->errorAction|Invalid controller specified (screenshots)
19:01:06|WARN|Action.php|516|Main_ErrorController->errorAction|Invalid controller specified (screenshots)
19:01:06|WARN|Action.php|516|Main_ErrorController->errorAction|Invalid controller specified (screenshots)
19:01:06|WARN|Action.php|516|Main_ErrorController->errorAction|Invalid controller specified (screenshots)
19:01:06|WARN|Action.php|516|Main_ErrorController->errorAction|Invalid controller specified (screenshots)
19:01:06|WARN|Action.php|516|Main_ErrorController->errorAction|Invalid controller specified (screenshots)
19:01:06|WARN|Action.php|516|Main_ErrorController->errorAction|Invalid controller specified (screenshots)
19:01:06|WARN|Action.php|516|Main_ErrorController->errorAction|Invalid controller specified (screenshots)
19:01:06|WARN|Action.php|516|Main_ErrorController->errorAction|Invalid controller specified (screenshots)
19:01:07|WARN|Action.php|516|Main_ErrorController->errorAction|Invalid controller specified (screenshots)
19:01:07|WARN|Action.php|516|Main_ErrorController->errorAction|Invalid controller specified (screenshots)
19:01:07|WARN|Action.php|516|Main_ErrorController->errorAction|Invalid controller specified (screenshots)
19:01:07|WARN|Action.php|516|Main_ErrorController->errorAction|Invalid controller specified (screenshots)
19:01:07|WARN|Action.php|516|Main_ErrorController->errorAction|Invalid controller specified (screenshots)
19:01:07|WARN|Action.php|516|Main_ErrorController->errorAction|Invalid controller specified (screenshots)
19:01:07|WARN|Action.php|516|Main_ErrorController->errorAction|Invalid controller specified (screenshots)
19:01:07|WARN|Action.php|516|Main_ErrorController->errorAction|Invalid controller specified (screenshots)
19:01:07|WARN|Action.php|516|Main_ErrorController->errorAction|Invalid controller specified (screenshots)
19:01:08|WARN|Action.php|516|Main_ErrorController->errorAction|Invalid controller specified (screenshots)
19:01:08|WARN|Action.php|516|Main_ErrorController->errorAction|Invalid controller specified (screenshots)
19:01:08|WARN|Action.php|516|Main_ErrorController->errorAction|Invalid controller specified (screenshots)
19:01:08|WARN|Action.php|516|Main_ErrorController->errorAction|Invalid controller specified (screenshots)
19:01:08|WARN|Action.php|516|Main_ErrorController->errorAction|Invalid controller specified (screenshots)
19:01:08|WARN|Action.php|516|Main_ErrorController->errorAction|Invalid controller specified (screenshots)
19:01:08|WARN|Action.php|516|Main_ErrorController->errorAction|Invalid controller specified (screenshots)
19:01:08|WARN|Action.php|516|Main_ErrorController->errorAction|Invalid controller specified (screenshots)
19:01:08|WARN|Action.php|516|Main_ErrorController->errorAction|Invalid controller specified (screenshots)
19:01:08|WARN|Action.php|516|Main_ErrorController->errorAction|Invalid controller specified (screenshots)
19:01:08|WARN|Action.php|516|Main_ErrorController->errorAction|Invalid controller specified (screenshots)
19:01:08|WARN|Action.php|516|Main_ErrorController->errorAction|Invalid controller specified (screenshots)
19:01:09|WARN|Action.php|516|Main_ErrorController->errorAction|Invalid controller specified (screenshots)
19:01:09|WARN|Action.php|516|Main_ErrorController->errorAction|Invalid controller specified (screenshots)
19:01:09|WARN|Action.php|516|Main_ErrorController->errorAction|Invalid controller specified (screenshots)
19:01:09|WARN|Action.php|516|Main_ErrorController->errorAction|Invalid controller specified (screenshots)
19:01:09|WARN|Action.php|516|Main_ErrorController->errorAction|Invalid controller specified (screenshots)
19:01:09|WARN|Action.php|516|Main_ErrorController->errorAction|Invalid controller specified (screenshots)
19:01:09|WARN|Action.php|516|Main_ErrorController->errorAction|Invalid controller specified (screenshots)
19:01:09|WARN|Action.php|516|Main_ErrorController->errorAction|Invalid controller specified (screenshots)
19:01:09|WARN|Action.php|516|Main_ErrorController->errorAction|Invalid controller specified (screenshots)
19:01:12|ERR|Action.php|516|Main_MediaController->indexAction|No such object '6948.gif'
19:01:14|ERR|Action.php|516|Main_MediaController->indexAction|No such object '0.gif'
19:01:19|WARN|Action.php|516|Main_ErrorController->errorAction|Invalid controller specified (screenshots)
19:01:19|WARN|Action.php|516|Main_ErrorController->errorAction|Invalid controller specified (screenshots)
19:01:42|WARN|Action.php|516|Main_ErrorController->errorAction|Invalid controller specified (screenshots)
19:01:42|WARN|Action.php|516|Main_ErrorController->errorAction|Invalid controller specified (screenshots)
19:04:37|WARN|Action.php|516|Main_ErrorController->errorAction|Invalid controller specified (screenshots)
19:04:44|WARN|Action.php|516|Main_ErrorController->errorAction|Invalid controller specified (screenshots)
19:04:44|WARN|Action.php|516|Main_ErrorController->errorAction|Invalid controller specified (screenshots)
19:05:06|WARN|Action.php|516|Main_ErrorController->errorAction|Invalid controller specified (screenshots)
19:05:06|WARN|Action.php|516|Main_ErrorController->errorAction|Invalid controller specified (screenshots)
19:08:07|WARN|Action.php|516|Main_ErrorController->errorAction|Invalid controller specified (screenshots)
19:08:07|WARN|Action.php|516|Main_ErrorController->errorAction|Invalid controller specified (screenshots)
19:08:09|WARN|Action.php|516|Main_ErrorController->errorAction|Invalid controller specified (screenshots)
19:08:09|WARN|Action.php|516|Main_ErrorController->errorAction|Invalid controller specified (screenshots)
19:12:43|ERR|Action.php|516|Main_MediaController->indexAction|No such object '2203.114.gif'
19:12:44|ERR|Action.php|516|Main_MediaController->indexAction|No such object '1133.114.gif'
19:13:45|ERR|Action.php|516|Main_MediaController->indexAction|No such object '590.114.gif'
19:13:47|ERR|Action.php|516|Main_MediaController->indexAction|No such object '1035.114.gif'
19:13:48|ERR|Action.php|516|Main_MediaController->indexAction|No such object '1223.114.gif'
19:13:49|ERR|Action.php|516|Main_MediaController->indexAction|No such object '2078.114.gif'
19:13:50|ERR|Action.php|516|Main_MediaController->indexAction|No such object '1271.114.gif'
19:13:52|ERR|Action.php|516|Main_MediaController->indexAction|No such object '2129.114.gif'
19:13:53|ERR|Action.php|516|Main_MediaController->indexAction|No such object '1027.114.gif'
19:13:54|ERR|Action.php|516|Main_MediaController->indexAction|No such object '1098.114.gif'
19:13:55|ERR|Action.php|516|Main_MediaController->indexAction|No such object '1334.114.gif'
19:13:57|ERR|Action.php|516|Main_MediaController->indexAction|No such object '2020.114.gif'
19:13:58|ERR|Action.php|516|Main_MediaController->indexAction|No such object '1158.114.gif'
19:13:59|ERR|Action.php|516|Main_MediaController->indexAction|No such object '1431.114.gif'
19:14:00|ERR|Action.php|516|Main_MediaController->indexAction|No such object '1059.114.gif'
19:14:01|ERR|Action.php|516|Main_MediaController->indexAction|No such object '2097.114.gif'
19:14:06|ERR|Action.php|516|Main_MediaController->indexAction|No such object '2391.114.gif'
19:14:07|ERR|Action.php|516|Main_MediaController->indexAction|No such object '2179.114.gif'
19:14:08|ERR|Action.php|516|Main_MediaController->indexAction|No such object '1260.114.gif'
19:14:10|ERR|Action.php|516|Main_MediaController->indexAction|No such object '1143.114.gif'
19:14:11|ERR|Action.php|516|Main_MediaController->indexAction|No such object '1379.114.gif'
19:14:12|ERR|Action.php|516|Main_MediaController->indexAction|No such object '1414.114.gif'
19:14:13|ERR|Action.php|516|Main_MediaController->indexAction|No such object '2397.114.gif'
19:14:14|ERR|Action.php|516|Main_MediaController->indexAction|No such object '1769.114.gif'
19:14:19|ERR|Action.php|516|Main_MediaController->indexAction|No such object '1131.114.gif'
19:14:21|ERR|Action.php|516|Main_MediaController->indexAction|No such object '1898.114.gif'
19:14:22|ERR|Action.php|516|Main_MediaController->indexAction|No such object '2016.114.gif'
19:14:23|ERR|Action.php|516|Main_MediaController->indexAction|No such object '1250.114.gif'
19:14:24|ERR|Action.php|516|Main_MediaController->indexAction|No such object '1940.114.gif'
19:14:25|ERR|Action.php|516|Main_MediaController->indexAction|No such object '2101.114.gif'
19:14:26|ERR|Action.php|516|Main_MediaController->indexAction|No such object '2126.114.gif'
19:14:28|ERR|Action.php|516|Main_MediaController->indexAction|No such object '2071.114.gif'
19:14:32|ERR|Action.php|516|Main_MediaController->indexAction|No such object '1931.114.gif'
19:14:33|ERR|Action.php|516|Main_MediaController->indexAction|No such object '1315.114.gif'
19:15:01|ERR|Action.php|516|Main_MediaController->indexAction|No such object '1261.114.gif'
19:15:05|ERR|Action.php|516|Main_MediaController->indexAction|No such object '1026.114.gif'
19:15:06|ERR|Action.php|516|Main_MediaController->indexAction|No such object '2126.50.gif'
19:15:10|ERR|Action.php|516|Main_MediaController->indexAction|No such object '1833.50.gif'
19:15:11|ERR|Action.php|516|Main_MediaController->indexAction|No such object '1131.50.gif'
19:15:12|ERR|Action.php|516|Main_MediaController->indexAction|No such object '2180.50.gif'
19:15:13|ERR|Action.php|516|Main_MediaController->indexAction|No such object '2112.50.gif'
19:15:16|ERR|Action.php|516|Main_MediaController->indexAction|No such object '6948.gif'
19:15:19|ERR|Action.php|516|Main_MediaController->indexAction|No such object '0.gif'
19:15:23|ERR|Action.php|516|Main_MediaController->indexAction|No such object '1980.50.gif'
19:15:24|ERR|Action.php|516|Main_MediaController->indexAction|No such object '1966.50.gif'
19:15:30|ERR|Action.php|516|Main_MediaController->indexAction|No such object '1920.50.gif'
19:15:31|ERR|Action.php|516|Main_MediaController->indexAction|No such object '1828.50.gif'
19:15:35|ERR|Action.php|516|Main_MediaController->indexAction|No such object '1123.50.gif'
19:45:02|ERR|Action.php|516|Main_MediaController->indexAction|No such object '2166.114.gif'
19:45:05|ERR|Action.php|516|Main_MediaController->indexAction|No such object '2396.114.gif'
19:45:06|ERR|Action.php|516|Main_MediaController->indexAction|No such object '1080.114.gif'
19:45:07|ERR|Action.php|516|Main_MediaController->indexAction|No such object '1078.114.gif'
19:45:12|ERR|Action.php|516|Main_MediaController->indexAction|No such object '987.114.gif'
19:45:13|ERR|Action.php|516|Main_MediaController->indexAction|No such object '2060.114.gif'
19:45:14|ERR|Action.php|516|Main_MediaController->indexAction|No such object '1027.114.gif'
19:45:15|ERR|Action.php|516|Main_MediaController->indexAction|No such object '1378.114.gif'
19:45:16|ERR|Action.php|516|Main_MediaController->indexAction|No such object '2051.114.gif'
19:45:17|ERR|Action.php|516|Main_MediaController->indexAction|No such object '1887.114.gif'
19:45:18|ERR|Action.php|516|Main_MediaController->indexAction|No such object '2106.114.gif'
19:45:20|ERR|Action.php|516|Main_MediaController->indexAction|No such object '1125.114.gif'
19:45:21|ERR|Action.php|516|Main_MediaController->indexAction|No such object '1960.114.gif'
19:45:22|ERR|Action.php|516|Main_MediaController->indexAction|No such object '2179.114.gif'
19:45:24|ERR|Action.php|516|Main_MediaController->indexAction|No such object '1913.114.gif'
19:45:25|ERR|Action.php|516|Main_MediaController->indexAction|No such object '2018.114.gif'
19:45:27|ERR|Action.php|516|Main_MediaController->indexAction|No such object '1453.114.gif'
19:45:28|ERR|Action.php|516|Main_MediaController->indexAction|No such object '1651.114.gif'
19:45:29|ERR|Action.php|516|Main_MediaController->indexAction|No such object '2157.114.gif'
19:45:30|ERR|Action.php|516|Main_MediaController->indexAction|No such object '769.114.gif'
19:45:31|ERR|Action.php|516|Main_MediaController->indexAction|No such object '2403.114.gif'
19:45:32|ERR|Action.php|516|Main_MediaController->indexAction|No such object '2150.114.gif'
19:45:33|ERR|Action.php|516|Main_MediaController->indexAction|No such object '912.114.gif'
19:45:34|ERR|Action.php|516|Main_MediaController->indexAction|No such object '1964.114.gif'
19:45:35|ERR|Action.php|516|Main_MediaController->indexAction|No such object '1949.114.gif'
19:45:36|ERR|Action.php|516|Main_MediaController->indexAction|No such object '1413.114.gif'
19:45:38|ERR|Action.php|516|Main_MediaController->indexAction|No such object '1035.114.gif'
19:45:39|ERR|Action.php|516|Main_MediaController->indexAction|No such object '230.114.gif'
19:45:40|ERR|Action.php|516|Main_MediaController->indexAction|No such object '1288.114.gif'
19:45:41|ERR|Action.php|516|Main_MediaController->indexAction|No such object '1319.114.gif'
19:45:42|ERR|Action.php|516|Main_MediaController->indexAction|No such object '1998.114.gif'
19:45:43|ERR|Action.php|516|Main_MediaController->indexAction|No such object '1901.114.gif'
19:45:44|ERR|Action.php|516|Main_MediaController->indexAction|No such object '1999.114.gif'
19:45:45|ERR|Action.php|516|Main_MediaController->indexAction|No such object '2077.114.gif'
19:45:47|ERR|Action.php|516|Main_MediaController->indexAction|No such object '1973.114.gif'
19:45:48|ERR|Action.php|516|Main_MediaController->indexAction|No such object '1340.114.gif'
19:45:49|ERR|Action.php|516|Main_MediaController->indexAction|No such object '2126.50.gif'
19:45:50|ERR|Action.php|516|Main_MediaController->indexAction|No such object '1833.50.gif'
19:45:51|ERR|Action.php|516|Main_MediaController->indexAction|No such object '1131.50.gif'
19:45:53|ERR|Action.php|516|Main_MediaController->indexAction|No such object '2180.50.gif'
19:45:54|ERR|Action.php|516|Main_MediaController->indexAction|No such object '2112.50.gif'
19:45:58|ERR|Action.php|516|Main_MediaController->indexAction|No such object '0.gif'
19:46:09|ERR|Action.php|516|Main_MediaController->indexAction|No such object '1980.50.gif'
19:46:10|ERR|Action.php|516|Main_MediaController->indexAction|No such object '1966.50.gif'
19:46:30|ERR|Action.php|516|Main_MediaController->indexAction|No such object '1920.50.gif'
19:46:35|ERR|Action.php|516|Main_MediaController->indexAction|No such object '1828.50.gif'
19:46:36|ERR|Action.php|516|Main_MediaController->indexAction|No such object '1123.50.gif'
19:49:02|ERR|Action.php|516|Main_MediaController->indexAction|No such object '932.114.gif'
19:49:03|ERR|Action.php|516|Main_MediaController->indexAction|No such object '1136.114.gif'
19:49:04|ERR|Action.php|516|Main_MediaController->indexAction|No such object '2148.114.gif'
19:49:05|ERR|Action.php|516|Main_MediaController->indexAction|No such object '1652.114.gif'
19:49:06|ERR|Action.php|516|Main_MediaController->indexAction|No such object '912.114.gif'
19:49:07|ERR|Action.php|516|Main_MediaController->indexAction|No such object '2055.114.gif'
19:49:08|ERR|Action.php|516|Main_MediaController->indexAction|No such object '1232.114.gif'
19:49:09|ERR|Action.php|516|Main_MediaController->indexAction|No such object '986.114.gif'
19:49:11|ERR|Action.php|516|Main_MediaController->indexAction|No such object '2395.114.gif'
19:49:13|ERR|Action.php|516|Main_MediaController->indexAction|No such object '1774.114.gif'
19:49:14|ERR|Action.php|516|Main_MediaController->indexAction|No such object '1271.114.gif'
19:49:15|ERR|Action.php|516|Main_MediaController->indexAction|No such object '2152.114.gif'
19:49:16|ERR|Action.php|516|Main_MediaController->indexAction|No such object '1907.114.gif'
19:49:35|ERR|Action.php|516|Main_MediaController->indexAction|No such object '2008.114.gif'
19:49:36|ERR|Action.php|516|Main_MediaController->indexAction|No such object '1758.114.gif'
19:49:38|ERR|Action.php|516|Main_MediaController->indexAction|No such object '2020.114.gif'
19:49:39|ERR|Action.php|516|Main_MediaController->indexAction|No such object '1419.114.gif'
19:49:40|ERR|Action.php|516|Main_MediaController->indexAction|No such object '1268.114.gif'
19:49:41|ERR|Action.php|516|Main_MediaController->indexAction|No such object '1312.114.gif'
19:49:42|ERR|Action.php|516|Main_MediaController->indexAction|No such object '1035.114.gif'
19:49:43|ERR|Action.php|516|Main_MediaController->indexAction|No such object '2121.114.gif'
19:49:57|ERR|Action.php|516|Main_MediaController->indexAction|No such object '1773.114.gif'
19:49:58|ERR|Action.php|516|Main_MediaController->indexAction|No such object '2403.114.gif'
19:49:59|ERR|Action.php|516|Main_MediaController->indexAction|No such object '2180.114.gif'
19:50:00|ERR|Action.php|516|Main_MediaController->indexAction|No such object '1406.114.gif'
19:50:02|ERR|Action.php|516|Main_MediaController->indexAction|No such object '1413.114.gif'
19:50:03|ERR|Action.php|516|Main_MediaController->indexAction|No such object '1695.114.gif'
19:50:04|ERR|Action.php|516|Main_MediaController->indexAction|No such object '2133.114.gif'
19:50:05|ERR|Action.php|516|Main_MediaController->indexAction|No such object '1144.114.gif'
19:50:06|ERR|Action.php|516|Main_MediaController->indexAction|No such object '1015.114.gif'
19:50:11|ERR|Action.php|516|Main_MediaController->indexAction|No such object '1770.114.gif'
19:50:12|ERR|Action.php|516|Main_MediaController->indexAction|No such object '1874.114.gif'
19:50:13|ERR|Action.php|516|Main_MediaController->indexAction|No such object '1376.114.gif'
19:50:14|ERR|Action.php|516|Main_MediaController->indexAction|No such object '1960.114.gif'
19:50:16|ERR|Action.php|516|Main_MediaController->indexAction|No such object '2003.114.gif'
19:50:20|ERR|Action.php|516|Main_MediaController->indexAction|No such object '2023.114.gif'
19:50:21|ERR|Action.php|516|Main_MediaController->indexAction|No such object '2126.50.gif'
19:50:22|ERR|Action.php|516|Main_MediaController->indexAction|No such object '1833.50.gif'
19:50:23|ERR|Action.php|516|Main_MediaController->indexAction|No such object '1131.50.gif'
19:50:24|ERR|Action.php|516|Main_MediaController->indexAction|No such object '2180.50.gif'
19:50:25|ERR|Action.php|516|Main_MediaController->indexAction|No such object '2112.50.gif'
19:50:26|ERR|Action.php|516|Main_MediaController->indexAction|No such object '1260.114.gif'
19:50:27|ERR|Action.php|516|Main_MediaController->indexAction|No such object '1340.114.gif'
19:50:28|ERR|Action.php|516|Main_MediaController->indexAction|No such object '1237.114.gif'
19:50:30|ERR|Action.php|516|Main_MediaController->indexAction|No such object '1146.114.gif'
19:50:37|ERR|Action.php|516|Main_MediaController->indexAction|No such object '1981.114.gif'
19:50:41|ERR|Action.php|516|Main_MediaController->indexAction|No such object '2008.114.gif'
19:50:42|ERR|Action.php|516|Main_MediaController->indexAction|No such object '1691.114.gif'
19:50:43|ERR|Action.php|516|Main_MediaController->indexAction|No such object '1831.114.gif'
19:50:44|ERR|Action.php|516|Main_MediaController->indexAction|No such object '1385.114.gif'
19:50:45|ERR|Action.php|516|Main_MediaController->indexAction|No such object '1987.114.gif'
19:50:50|ERR|Action.php|516|Main_MediaController->indexAction|No such object '1933.114.gif'
19:50:51|ERR|Action.php|516|Main_MediaController->indexAction|No such object '2138.114.gif'
19:50:52|ERR|Action.php|516|Main_MediaController->indexAction|No such object '1433.114.gif'
19:50:53|ERR|Action.php|516|Main_MediaController->indexAction|No such object '1223.114.gif'
19:50:54|ERR|Action.php|516|Main_MediaController->indexAction|No such object '1898.114.gif'
19:50:55|ERR|Action.php|516|Main_MediaController->indexAction|No such object '1974.114.gif'
19:50:56|ERR|Action.php|516|Main_MediaController->indexAction|No such object '986.114.gif'
19:50:57|ERR|Action.php|516|Main_MediaController->indexAction|No such object '1078.114.gif'
19:51:16|ERR|Action.php|516|Main_MediaController->indexAction|No such object '590.114.gif'
19:51:17|ERR|Action.php|516|Main_MediaController->indexAction|No such object '1137.114.gif'
19:51:18|ERR|Action.php|516|Main_MediaController->indexAction|No such object '2050.114.gif'
19:51:22|ERR|Action.php|516|Main_MediaController->indexAction|No such object '1271.114.gif'
19:51:26|ERR|Action.php|516|Main_MediaController->indexAction|No such object '2148.114.gif'
19:51:27|ERR|Action.php|516|Main_MediaController->indexAction|No such object '1906.114.gif'
19:51:28|ERR|Action.php|516|Main_MediaController->indexAction|No such object '1315.114.gif'
19:51:29|ERR|Action.php|516|Main_MediaController->indexAction|No such object '1897.114.gif'
19:51:31|ERR|Action.php|516|Main_MediaController->indexAction|No such object '1232.114.gif'
19:51:33|ERR|Action.php|516|Main_MediaController->indexAction|No such object '1250.114.gif'
19:51:34|ERR|Action.php|516|Main_MediaController->indexAction|No such object '1125.114.gif'
19:51:35|ERR|Action.php|516|Main_MediaController->indexAction|No such object '1756.114.gif'
19:51:38|ERR|Action.php|516|Main_MediaController->indexAction|No such object '1975.114.gif'
19:51:39|ERR|Action.php|516|Main_MediaController->indexAction|No such object '1316.114.gif'
19:51:40|ERR|Action.php|516|Main_MediaController->indexAction|No such object '1421.114.gif'
19:51:41|ERR|Action.php|516|Main_MediaController->indexAction|No such object '1824.114.gif'
19:51:43|ERR|Action.php|516|Main_MediaController->indexAction|No such object '1913.114.gif'
19:51:45|ERR|Action.php|516|Main_MediaController->indexAction|No such object '1919.114.gif'
19:51:46|ERR|Action.php|516|Main_MediaController->indexAction|No such object '2126.50.gif'
19:51:47|ERR|Action.php|516|Main_MediaController->indexAction|No such object '1833.50.gif'
19:51:51|ERR|Action.php|516|Main_MediaController->indexAction|No such object '1131.50.gif'
19:51:52|ERR|Action.php|516|Main_MediaController->indexAction|No such object '2180.50.gif'
19:51:53|ERR|Action.php|516|Main_MediaController->indexAction|No such object '2112.50.gif'
19:51:58|ERR|Action.php|516|Main_MediaController->indexAction|No such object '0.gif'
19:52:43|ERR|Action.php|516|Main_MediaController->indexAction|No such object '1691.114.gif'
19:53:03|ERR|Action.php|516|Main_MediaController->indexAction|No such object '2008.114.gif'
19:57:38|ERR|Action.php|516|Main_MediaController->indexAction|No such object '273.gif'
19:57:44|ERR|Action.php|516|Main_MediaController->indexAction|No such object '683.gif'
19:57:47|ERR|Action.php|516|Main_MediaController->indexAction|No such object '960.gif'
19:58:08|ERR|Action.php|516|Main_MediaController->indexAction|No such object '0.gif'
20:02:54|ERR|Action.php|516|Main_MediaController->indexAction|media section does not exist
20:02:54|ERR|Action.php|516|Main_MediaController->indexAction|media section does not exist
20:02:54|ERR|Action.php|516|Main_MediaController->indexAction|media section does not exist
20:03:05|ERR|Action.php|516|Main_MediaController->indexAction|media section does not exist
20:03:08|ERR|Action.php|516|Main_MediaController->indexAction|media section does not exist
20:03:28|NOTICE|Action.php|516|Main_MediaController->indexAction|Undefined variable: finfo
20:03:28|NOTICE|Action.php|516|Main_MediaController->indexAction|Undefined variable: filename
20:03:28|WARN|MediaController.php|32|finfo_file|finfo_file() expects parameter 1 to be resource, null given
20:03:39|WARN|MediaController.php|32|finfo_file|finfo_file(): File or path not found 'http://c815848.r48.cf2.rackcdn.com1884.gif'
20:03:52|WARN|MediaController.php|32|finfo_file|finfo_file(): File or path not found 'http://c815848.r48.cf2.rackcdn.com/1884.gif'
20:03:57|WARN|MediaController.php|32|finfo_file|finfo_file(): File or path not found 'http://c815848.r48.cf2.rackcdn.com/1884.gif'
20:04:00|WARN|MediaController.php|32|finfo_file|finfo_file(): File or path not found 'http://c815848.r48.cf2.rackcdn.com/1871.gif'
20:04:00|WARN|MediaController.php|32|finfo_file|finfo_file(): File or path not found 'http://c815848.r48.cf2.rackcdn.com/1889.gif'
20:04:00|WARN|MediaController.php|32|finfo_file|finfo_file(): File or path not found 'http://c815848.r48.cf2.rackcdn.com/1871.gif'
20:04:01|WARN|MediaController.php|32|finfo_file|finfo_file(): File or path not found 'http://c815848.r48.cf2.rackcdn.com/2391.gif'
20:04:01|WARN|MediaController.php|32|finfo_file|finfo_file(): File or path not found 'http://c815848.r48.cf2.rackcdn.com/2073.gif'
20:04:02|WARN|MediaController.php|32|finfo_file|finfo_file(): File or path not found 'http://c815848.r48.cf2.rackcdn.com/2015.gif'
20:04:02|WARN|MediaController.php|32|finfo_file|finfo_file(): File or path not found 'http://c815848.r48.cf2.rackcdn.com/1433.gif'
20:04:02|WARN|MediaController.php|32|finfo_file|finfo_file(): File or path not found 'http://c815848.r48.cf2.rackcdn.com/1889.gif'
20:04:02|WARN|MediaController.php|32|finfo_file|finfo_file(): File or path not found 'http://c815848.r48.cf2.rackcdn.com/1982.gif'
20:04:10|WARN|MediaController.php|32|finfo_file|finfo_file(): File or path not found 'http://c815848.r48.cf2.rackcdn.com/2391.gif'
20:04:11|WARN|MediaController.php|32|finfo_file|finfo_file(): File or path not found 'http://c815848.r48.cf2.rackcdn.com/1889.gif'
20:04:11|WARN|MediaController.php|32|finfo_file|finfo_file(): File or path not found 'http://c815848.r48.cf2.rackcdn.com/1982.gif'
20:04:19|WARN|MediaController.php|32|finfo_file|finfo_file(): File or path not found 'http://c815846.r46.cf2.rackcdn.com/1980.gif'
20:04:45|WARN|MediaController.php|32|finfo_file|finfo_file(): File or path not found 'http://c815846.r46.cf2.rackcdn.com/1980.gif'
20:06:52|WARN|MediaController.php|32|finfo_file|finfo_file(): File or path not found 'http://c815846.r46.cf2.rackcdn.com/1980.gif'
20:09:19|NOTICE|Action.php|516|Main_MediaController->indexAction|Undefined variable: fileType
20:09:19|NOTICE|Action.php|516|Main_MediaController->indexAction|Undefined variable: fileName
20:09:19|WARN|MediaController.php|36|fopen|fopen(): Filename cannot be empty
20:09:19|NOTICE|Action.php|516|Main_MediaController->indexAction|Undefined variable: fileName
20:09:19|WARN|MediaController.php|37|file_get_contents|file_get_contents(): Filename cannot be empty
20:11:52|WARN|MediaController.php|32|finfo_file|finfo_file(): File or path not found 'http://c815846.r46.cf2.rackcdn.com/1980.gif'
20:13:47|NOTICE|Action.php|516|Main_MediaController->indexAction|Undefined variable: fileType
20:17:44|WARN|MediaController.php|40|file_get_contents|file_get_contents(http://c815848.r48.cf2.rackcdn.com/998.gif): failed to open stream: HTTP request failed! HTTP/1.0 404 Not Found

20:18:54|WARN|MediaController.php|40|file_get_contents|file_get_contents(http://c815851.r51.cf2.rackcdn.com/0.gif): failed to open stream: HTTP request failed! HTTP/1.0 404 Not Found

20:21:05|WARN|MediaController.php|40|file_get_contents|file_get_contents(http://c815851.r51.cf2.rackcdn.com/0.gif): failed to open stream: HTTP request failed! HTTP/1.0 404 Not Found

20:21:11|WARN|MediaController.php|40|file_get_contents|file_get_contents(http://c815851.r51.cf2.rackcdn.com/0.gif): failed to open stream: HTTP request failed! HTTP/1.0 404 Not Found

20:23:56|WARN|MediaController.php|40|file_get_contents|file_get_contents(http://c815848.r48.cf2.rackcdn.com/987.gif): failed to open stream: HTTP request failed! HTTP/1.0 404 Not Found

