[]
[]
[]
[]
[]
[]
[]
[]
[]
[]
[]
[]
[]
[]
[]
[]
[]
[]
[]
[]
[]
[]
[]
[]
[]
[]
[]
18:31:07|ERR|Action.php|516|Main_IndexController->indexAction|test
18:33:34|ERR|Action.php|516|Main_IndexController->indexAction|test
18:39:52|ERR|Action.php|516|Main_IndexController->indexAction|test
18:40:31|WARN|Action.php|516|Main_ErrorController->errorAction|Invalid controller specified (css)
18:40:31|WARN|Action.php|516|Main_ErrorController->errorAction|Invalid controller specified (js)
18:40:31|WARN|Action.php|516|Main_ErrorController->errorAction|Action "movies" does not exist and was not trapped in __call()
18:40:31|WARN|Action.php|516|Main_ErrorController->errorAction|Action "movies" does not exist and was not trapped in __call()
18:40:31|WARN|Action.php|516|Main_ErrorController->errorAction|Action "movies" does not exist and was not trapped in __call()
18:40:31|WARN|Action.php|516|Main_ErrorController->errorAction|Action "movies" does not exist and was not trapped in __call()
18:40:31|WARN|Action.php|516|Main_ErrorController->errorAction|Action "movies" does not exist and was not trapped in __call()
18:40:32|WARN|Action.php|516|Main_ErrorController->errorAction|Action "movies" does not exist and was not trapped in __call()
18:40:32|WARN|Action.php|516|Main_ErrorController->errorAction|Action "movies" does not exist and was not trapped in __call()
18:40:32|WARN|Action.php|516|Main_ErrorController->errorAction|Action "movies" does not exist and was not trapped in __call()
18:40:32|WARN|Action.php|516|Main_ErrorController->errorAction|Action "movies" does not exist and was not trapped in __call()
18:40:32|WARN|Action.php|516|Main_ErrorController->errorAction|Action "movies" does not exist and was not trapped in __call()
18:40:32|WARN|Action.php|516|Main_ErrorController->errorAction|Action "movies" does not exist and was not trapped in __call()
18:40:32|WARN|Action.php|516|Main_ErrorController->errorAction|Action "movies" does not exist and was not trapped in __call()
18:40:32|WARN|Action.php|516|Main_ErrorController->errorAction|Action "movies" does not exist and was not trapped in __call()
18:40:32|WARN|Action.php|516|Main_ErrorController->errorAction|Action "movies" does not exist and was not trapped in __call()
18:40:32|WARN|Action.php|516|Main_ErrorController->errorAction|Action "movies" does not exist and was not trapped in __call()
18:40:32|WARN|Action.php|516|Main_ErrorController->errorAction|Action "movies" does not exist and was not trapped in __call()
18:40:33|WARN|Action.php|516|Main_ErrorController->errorAction|Action "movies" does not exist and was not trapped in __call()
18:40:33|WARN|Action.php|516|Main_ErrorController->errorAction|Action "movies" does not exist and was not trapped in __call()
18:40:33|WARN|Action.php|516|Main_ErrorController->errorAction|Action "movies" does not exist and was not trapped in __call()
18:40:33|WARN|Action.php|516|Main_ErrorController->errorAction|Action "movies" does not exist and was not trapped in __call()
18:40:33|WARN|Action.php|516|Main_ErrorController->errorAction|Action "movies" does not exist and was not trapped in __call()
18:40:33|WARN|Action.php|516|Main_ErrorController->errorAction|Action "movies" does not exist and was not trapped in __call()
18:40:33|WARN|Action.php|516|Main_ErrorController->errorAction|Action "movies" does not exist and was not trapped in __call()
18:40:33|WARN|Action.php|516|Main_ErrorController->errorAction|Action "movies" does not exist and was not trapped in __call()
18:40:33|WARN|Action.php|516|Main_ErrorController->errorAction|Action "movies" does not exist and was not trapped in __call()
18:40:33|WARN|Action.php|516|Main_ErrorController->errorAction|Action "movies" does not exist and was not trapped in __call()
18:40:33|WARN|Action.php|516|Main_ErrorController->errorAction|Action "movies" does not exist and was not trapped in __call()
18:40:34|WARN|Action.php|516|Main_ErrorController->errorAction|Action "movies" does not exist and was not trapped in __call()
18:40:34|WARN|Action.php|516|Main_ErrorController->errorAction|Action "movies" does not exist and was not trapped in __call()
18:40:34|WARN|Action.php|516|Main_ErrorController->errorAction|Action "movies" does not exist and was not trapped in __call()
18:40:34|WARN|Action.php|516|Main_ErrorController->errorAction|Action "movies" does not exist and was not trapped in __call()
18:40:34|WARN|Action.php|516|Main_ErrorController->errorAction|Action "movies" does not exist and was not trapped in __call()
18:40:34|WARN|Action.php|516|Main_ErrorController->errorAction|Action "movies" does not exist and was not trapped in __call()
18:40:34|WARN|Action.php|516|Main_ErrorController->errorAction|Invalid controller specified (css)
18:40:34|WARN|Action.php|516|Main_ErrorController->errorAction|Action "profiles" does not exist and was not trapped in __call()
18:40:34|WARN|Action.php|516|Main_ErrorController->errorAction|Action "movies" does not exist and was not trapped in __call()
18:41:48|ERR|Action.php|516|Main_IndexController->indexAction|test
18:56:58|ERR|Action.php|516|Main_IndexController->indexAction|test
18:58:30|ERR|Action.php|516|Main_IndexController->indexAction|test
19:01:04|ERR|Action.php|516|Main_IndexController->indexAction|test
19:08:11|WARN|Action.php|516|Main_ErrorController->errorAction|Invalid controller specified (css)
19:08:11|WARN|Action.php|516|Main_ErrorController->errorAction|Action "profile" does not exist and was not trapped in __call()
19:08:11|WARN|Action.php|516|Main_ErrorController->errorAction|Action "profile" does not exist and was not trapped in __call()
19:08:11|WARN|Action.php|516|Main_ErrorController->errorAction|Action "profile" does not exist and was not trapped in __call()
19:08:11|WARN|Action.php|516|Main_ErrorController->errorAction|Action "profile" does not exist and was not trapped in __call()
19:08:11|WARN|Action.php|516|Main_ErrorController->errorAction|Action "profile" does not exist and was not trapped in __call()
19:08:11|WARN|Action.php|516|Main_ErrorController->errorAction|Action "profile" does not exist and was not trapped in __call()
19:08:11|WARN|Action.php|516|Main_ErrorController->errorAction|Action "movies" does not exist and was not trapped in __call()
19:12:41|ERR|Action.php|516|Main_IndexController->indexAction|test
19:45:00|ERR|Action.php|516|Main_IndexController->indexAction|test
19:49:00|ERR|Action.php|516|Main_IndexController->indexAction|test
19:50:17|ERR|Action.php|516|Main_IndexController->indexAction|test
19:55:22|ERR|Action.php|516|Main_IndexController->indexAction|test
20:17:18|ERR|Action.php|516|Main_IndexController->indexAction|test
20:19:18|ERR|Action.php|516|Main_IndexController->indexAction|test
20:22:52|ERR|Action.php|516|Main_IndexController->indexAction|test
20:23:26|ERR|Action.php|516|Main_IndexController->indexAction|test
