09:14:01|NOTICE|BootstrapAbstract.php|667|Bootstrap->_initConf|Undefined index: conf
09:14:01|ERR|Bootstrap.php|69|Zend_Config->__construct|Argument 1 passed to Zend_Config::__construct() must be an array, null given, called in /www/txm/application/Bootstrap.php on line 69 and defined
09:14:24|NOTICE|BootstrapAbstract.php|667|Bootstrap->_initConf|Undefined variable: settings
09:14:24|NOTICE|View.php|108|include|Trying to get property of non-object
09:14:24|NOTICE|View.php|108|include|Trying to get property of non-object
09:14:24|NOTICE|View.php|108|include|Trying to get property of non-object
09:14:24|NOTICE|View.php|108|include|Trying to get property of non-object
09:14:24|NOTICE|View.php|108|include|Trying to get property of non-object
09:14:24|NOTICE|View.php|108|include|Trying to get property of non-object
09:14:24|NOTICE|View.php|108|include|Trying to get property of non-object
09:14:24|NOTICE|View.php|108|include|Trying to get property of non-object
09:14:24|NOTICE|View.php|108|include|Trying to get property of non-object
09:14:24|NOTICE|View.php|108|include|Trying to get property of non-object
09:14:24|NOTICE|View.php|108|include|Trying to get property of non-object
09:14:24|NOTICE|View.php|108|include|Trying to get property of non-object
09:14:24|NOTICE|View.php|108|include|Trying to get property of non-object
09:14:24|NOTICE|View.php|108|include|Trying to get property of non-object
09:14:24|NOTICE|View.php|108|include|Trying to get property of non-object
09:14:24|NOTICE|View.php|108|include|Trying to get property of non-object
09:14:24|NOTICE|View.php|108|include|Trying to get property of non-object
09:14:24|NOTICE|View.php|108|include|Trying to get property of non-object
09:14:24|NOTICE|View.php|108|include|Trying to get property of non-object
09:14:24|NOTICE|View.php|108|include|Trying to get property of non-object
09:14:24|NOTICE|View.php|108|include|Trying to get property of non-object
09:14:24|NOTICE|View.php|108|include|Trying to get property of non-object
09:14:24|NOTICE|View.php|108|include|Trying to get property of non-object
09:14:24|NOTICE|View.php|108|include|Trying to get property of non-object
09:14:24|NOTICE|View.php|108|include|Trying to get property of non-object
09:14:24|NOTICE|View.php|108|include|Trying to get property of non-object
09:14:24|NOTICE|View.php|108|include|Trying to get property of non-object
09:14:24|NOTICE|View.php|108|include|Trying to get property of non-object
09:14:24|NOTICE|View.php|108|include|Trying to get property of non-object
09:14:24|NOTICE|View.php|108|include|Trying to get property of non-object
09:14:24|NOTICE|View.php|108|include|Trying to get property of non-object
09:14:24|NOTICE|View.php|108|include|Trying to get property of non-object
09:14:24|NOTICE|View.php|108|include|Trying to get property of non-object
09:14:24|NOTICE|View.php|108|include|Trying to get property of non-object
09:14:24|NOTICE|View.php|108|include|Trying to get property of non-object
09:14:24|NOTICE|View.php|108|include|Trying to get property of non-object
09:14:24|NOTICE|View.php|108|include|Trying to get property of non-object
09:14:24|NOTICE|View.php|108|include|Trying to get property of non-object
09:14:24|NOTICE|View.php|108|include|Trying to get property of non-object
09:14:24|NOTICE|View.php|108|include|Trying to get property of non-object
09:14:24|NOTICE|View.php|108|include|Trying to get property of non-object
09:14:24|NOTICE|View.php|108|include|Trying to get property of non-object
09:14:24|NOTICE|View.php|108|include|Trying to get property of non-object
09:14:24|NOTICE|View.php|108|include|Trying to get property of non-object
09:14:24|NOTICE|View.php|108|include|Trying to get property of non-object
09:14:24|NOTICE|View.php|108|include|Trying to get property of non-object
09:14:24|NOTICE|View.php|108|include|Trying to get property of non-object
09:14:24|NOTICE|View.php|108|include|Trying to get property of non-object
09:14:24|NOTICE|View.php|108|include|Trying to get property of non-object
09:14:24|NOTICE|View.php|108|include|Trying to get property of non-object
09:14:24|NOTICE|View.php|108|include|Trying to get property of non-object
09:14:24|NOTICE|View.php|108|include|Trying to get property of non-object
09:14:24|NOTICE|View.php|108|include|Trying to get property of non-object
09:14:24|NOTICE|View.php|108|include|Trying to get property of non-object
09:14:24|NOTICE|View.php|108|include|Trying to get property of non-object
09:14:24|NOTICE|View.php|108|include|Trying to get property of non-object
09:14:24|NOTICE|View.php|108|include|Trying to get property of non-object
09:14:24|NOTICE|View.php|108|include|Trying to get property of non-object
09:14:24|NOTICE|View.php|108|include|Trying to get property of non-object
09:14:24|NOTICE|View.php|108|include|Trying to get property of non-object
09:14:24|NOTICE|View.php|108|include|Trying to get property of non-object
09:14:24|NOTICE|View.php|108|include|Trying to get property of non-object
09:14:24|NOTICE|View.php|108|include|Trying to get property of non-object
09:14:24|NOTICE|View.php|108|include|Trying to get property of non-object
09:14:24|NOTICE|View.php|108|include|Trying to get property of non-object
09:14:24|NOTICE|View.php|108|include|Trying to get property of non-object
09:14:24|NOTICE|View.php|108|include|Trying to get property of non-object
09:14:24|NOTICE|View.php|108|include|Trying to get property of non-object
09:14:24|NOTICE|View.php|108|include|Trying to get property of non-object
09:14:24|NOTICE|View.php|108|include|Trying to get property of non-object
09:14:24|NOTICE|View.php|108|include|Trying to get property of non-object
09:14:24|NOTICE|View.php|108|include|Trying to get property of non-object
09:14:24|NOTICE|View.php|108|include|Trying to get property of non-object
09:14:24|NOTICE|View.php|108|include|Trying to get property of non-object
09:14:24|NOTICE|View.php|108|include|Trying to get property of non-object
09:14:24|NOTICE|View.php|108|include|Trying to get property of non-object
09:14:24|NOTICE|View.php|108|include|Trying to get property of non-object
09:14:24|NOTICE|View.php|108|include|Trying to get property of non-object
09:14:24|NOTICE|View.php|108|include|Trying to get property of non-object
09:14:24|NOTICE|View.php|108|include|Trying to get property of non-object
09:14:24|NOTICE|View.php|108|include|Trying to get property of non-object
09:14:24|NOTICE|View.php|108|include|Trying to get property of non-object
09:14:24|NOTICE|View.php|108|include|Trying to get property of non-object
09:14:24|NOTICE|View.php|108|include|Trying to get property of non-object
09:14:24|NOTICE|View.php|108|include|Trying to get property of non-object
09:14:24|NOTICE|View.php|108|include|Trying to get property of non-object
09:14:24|NOTICE|View.php|108|include|Trying to get property of non-object
09:14:24|NOTICE|View.php|108|include|Trying to get property of non-object
09:14:24|NOTICE|View.php|108|include|Trying to get property of non-object
09:14:24|NOTICE|View.php|108|include|Trying to get property of non-object
09:14:24|NOTICE|View.php|108|include|Trying to get property of non-object
09:14:24|NOTICE|View.php|108|include|Trying to get property of non-object
09:14:24|NOTICE|View.php|108|include|Trying to get property of non-object
09:14:24|NOTICE|View.php|108|include|Trying to get property of non-object
09:14:24|NOTICE|View.php|108|include|Trying to get property of non-object
09:14:24|NOTICE|View.php|108|include|Trying to get property of non-object
09:14:24|NOTICE|View.php|108|include|Trying to get property of non-object
09:14:24|NOTICE|View.php|108|include|Trying to get property of non-object
09:14:24|NOTICE|View.php|108|include|Trying to get property of non-object
09:14:24|NOTICE|View.php|108|include|Trying to get property of non-object
09:14:24|NOTICE|View.php|108|include|Trying to get property of non-object
09:14:24|NOTICE|View.php|108|include|Trying to get property of non-object
09:14:24|NOTICE|View.php|108|include|Trying to get property of non-object
09:14:24|NOTICE|View.php|108|include|Trying to get property of non-object
09:14:24|NOTICE|View.php|108|include|Trying to get property of non-object
09:14:24|NOTICE|View.php|108|include|Trying to get property of non-object
09:14:24|NOTICE|View.php|108|include|Trying to get property of non-object
09:14:24|NOTICE|View.php|108|include|Trying to get property of non-object
09:14:24|NOTICE|View.php|108|include|Trying to get property of non-object
09:14:24|NOTICE|View.php|108|include|Trying to get property of non-object
09:14:24|NOTICE|View.php|108|include|Trying to get property of non-object
09:14:24|NOTICE|View.php|108|include|Trying to get property of non-object
09:14:24|NOTICE|View.php|108|include|Trying to get property of non-object
09:14:24|NOTICE|View.php|108|include|Trying to get property of non-object
09:14:24|NOTICE|View.php|108|include|Trying to get property of non-object
09:14:24|NOTICE|View.php|108|include|Trying to get property of non-object
09:14:24|NOTICE|View.php|108|include|Trying to get property of non-object
09:14:24|NOTICE|View.php|108|include|Trying to get property of non-object
09:14:24|NOTICE|View.php|108|include|Trying to get property of non-object
09:14:24|NOTICE|View.php|108|include|Trying to get property of non-object
09:14:24|NOTICE|View.php|108|include|Trying to get property of non-object
09:14:24|NOTICE|View.php|108|include|Trying to get property of non-object
09:19:43|WARN|Action.php|516|Main_ErrorController->errorAction|Invalid controller specified (css)
09:19:43|WARN|Action.php|516|Main_ErrorController->errorAction|Invalid controller specified (js)
09:19:48|WARN|Action.php|516|Main_ErrorController->errorAction|Invalid controller specified (css)
09:19:56|WARN|Action.php|516|Main_ErrorController->errorAction|Invalid controller specified (css)
09:34:03|WARN|Action.php|516|Main_ErrorController->errorAction|Invalid controller specified (css)
09:34:05|WARN|Action.php|516|Main_ErrorController->errorAction|Invalid controller specified (css)
